<?xml version="1.0" encoding="UTF-8"?>
<testsuite xmlns:xsi="http://www.w3.org/2001/XMLSchema-instance" xsi:noNamespaceSchemaLocation="https://maven.apache.org/surefire/maven-surefire-plugin/xsd/surefire-test-report-3.0.xsd" version="3.0" name="TestSuite" time="46.908" tests="1" errors="0" skipped="0" failures="0">
  <properties>
    <property name="sun.desktop" value="windows"/>
    <property name="awt.toolkit" value="sun.awt.windows.WToolkit"/>
    <property name="surefire.suiteXmlFiles" value="CelCalculator.xml"/>
    <property name="java.specification.version" value="11"/>
    <property name="sun.cpu.isalist" value="amd64"/>
    <property name="sun.jnu.encoding" value="Cp1252"/>
    <property name="java.class.path" value="C:\Users\Solidus\eclipse-workspace\Testing\target\test-classes;C:\Users\Solidus\eclipse-workspace\Testing\target\classes;C:\Users\Solidus\.m2\repository\org\seleniumhq\selenium\selenium-java\4.10.0\selenium-java-4.10.0.jar;C:\Users\Solidus\.m2\repository\org\seleniumhq\selenium\selenium-api\4.10.0\selenium-api-4.10.0.jar;C:\Users\Solidus\.m2\repository\org\seleniumhq\selenium\selenium-chrome-driver\4.10.0\selenium-chrome-driver-4.10.0.jar;C:\Users\Solidus\.m2\repository\com\google\auto\service\auto-service-annotations\1.0.1\auto-service-annotations-1.0.1.jar;C:\Users\Solidus\.m2\repository\com\google\auto\service\auto-service\1.0.1\auto-service-1.0.1.jar;C:\Users\Solidus\.m2\repository\com\google\auto\auto-common\1.2\auto-common-1.2.jar;C:\Users\Solidus\.m2\repository\com\google\guava\guava\31.1-jre\guava-31.1-jre.jar;C:\Users\Solidus\.m2\repository\com\google\guava\failureaccess\1.0.1\failureaccess-1.0.1.jar;C:\Users\Solidus\.m2\repository\com\google\guava\listenablefuture\9999.0-empty-to-avoid-conflict-with-guava\listenablefuture-9999.0-empty-to-avoid-conflict-with-guava.jar;C:\Users\Solidus\.m2\repository\org\checkerframework\checker-qual\3.12.0\checker-qual-3.12.0.jar;C:\Users\Solidus\.m2\repository\com\google\errorprone\error_prone_annotations\2.11.0\error_prone_annotations-2.11.0.jar;C:\Users\Solidus\.m2\repository\com\google\j2objc\j2objc-annotations\1.3\j2objc-annotations-1.3.jar;C:\Users\Solidus\.m2\repository\org\seleniumhq\selenium\selenium-chromium-driver\4.10.0\selenium-chromium-driver-4.10.0.jar;C:\Users\Solidus\.m2\repository\org\seleniumhq\selenium\selenium-json\4.10.0\selenium-json-4.10.0.jar;C:\Users\Solidus\.m2\repository\org\seleniumhq\selenium\selenium-manager\4.10.0\selenium-manager-4.10.0.jar;C:\Users\Solidus\.m2\repository\org\seleniumhq\selenium\selenium-devtools-v112\4.10.0\selenium-devtools-v112-4.10.0.jar;C:\Users\Solidus\.m2\repository\org\seleniumhq\selenium\selenium-devtools-v113\4.10.0\selenium-devtools-v113-4.10.0.jar;C:\Users\Solidus\.m2\repository\org\seleniumhq\selenium\selenium-devtools-v114\4.10.0\selenium-devtools-v114-4.10.0.jar;C:\Users\Solidus\.m2\repository\org\seleniumhq\selenium\selenium-devtools-v85\4.10.0\selenium-devtools-v85-4.10.0.jar;C:\Users\Solidus\.m2\repository\org\seleniumhq\selenium\selenium-edge-driver\4.10.0\selenium-edge-driver-4.10.0.jar;C:\Users\Solidus\.m2\repository\org\seleniumhq\selenium\selenium-firefox-driver\4.10.0\selenium-firefox-driver-4.10.0.jar;C:\Users\Solidus\.m2\repository\org\seleniumhq\selenium\selenium-http\4.10.0\selenium-http-4.10.0.jar;C:\Users\Solidus\.m2\repository\dev\failsafe\failsafe\3.3.1\failsafe-3.3.1.jar;C:\Users\Solidus\.m2\repository\org\seleniumhq\selenium\selenium-ie-driver\4.10.0\selenium-ie-driver-4.10.0.jar;C:\Users\Solidus\.m2\repository\org\seleniumhq\selenium\selenium-remote-driver\4.10.0\selenium-remote-driver-4.10.0.jar;C:\Users\Solidus\.m2\repository\io\netty\netty-buffer\4.1.92.Final\netty-buffer-4.1.92.Final.jar;C:\Users\Solidus\.m2\repository\io\netty\netty-codec-http\4.1.92.Final\netty-codec-http-4.1.92.Final.jar;C:\Users\Solidus\.m2\repository\io\netty\netty-codec\4.1.92.Final\netty-codec-4.1.92.Final.jar;C:\Users\Solidus\.m2\repository\io\netty\netty-handler\4.1.92.Final\netty-handler-4.1.92.Final.jar;C:\Users\Solidus\.m2\repository\io\netty\netty-common\4.1.92.Final\netty-common-4.1.92.Final.jar;C:\Users\Solidus\.m2\repository\io\netty\netty-transport-classes-epoll\4.1.92.Final\netty-transport-classes-epoll-4.1.92.Final.jar;C:\Users\Solidus\.m2\repository\io\netty\netty-transport-classes-kqueue\4.1.92.Final\netty-transport-classes-kqueue-4.1.92.Final.jar;C:\Users\Solidus\.m2\repository\io\netty\netty-transport-native-epoll\4.1.92.Final\netty-transport-native-epoll-4.1.92.Final.jar;C:\Users\Solidus\.m2\repository\io\netty\netty-transport-native-kqueue\4.1.92.Final\netty-transport-native-kqueue-4.1.92.Final.jar;C:\Users\Solidus\.m2\repository\io\netty\netty-transport-native-unix-common\4.1.92.Final\netty-transport-native-unix-common-4.1.92.Final.jar;C:\Users\Solidus\.m2\repository\io\netty\netty-transport\4.1.92.Final\netty-transport-4.1.92.Final.jar;C:\Users\Solidus\.m2\repository\io\netty\netty-resolver\4.1.92.Final\netty-resolver-4.1.92.Final.jar;C:\Users\Solidus\.m2\repository\io\opentelemetry\opentelemetry-api\1.26.0\opentelemetry-api-1.26.0.jar;C:\Users\Solidus\.m2\repository\io\opentelemetry\opentelemetry-context\1.26.0\opentelemetry-context-1.26.0.jar;C:\Users\Solidus\.m2\repository\io\opentelemetry\opentelemetry-exporter-logging\1.26.0\opentelemetry-exporter-logging-1.26.0.jar;C:\Users\Solidus\.m2\repository\io\opentelemetry\opentelemetry-sdk-metrics\1.26.0\opentelemetry-sdk-metrics-1.26.0.jar;C:\Users\Solidus\.m2\repository\io\opentelemetry\opentelemetry-extension-incubator\1.26.0-alpha\opentelemetry-extension-incubator-1.26.0-alpha.jar;C:\Users\Solidus\.m2\repository\io\opentelemetry\opentelemetry-sdk-logs\1.26.0-alpha\opentelemetry-sdk-logs-1.26.0-alpha.jar;C:\Users\Solidus\.m2\repository\io\opentelemetry\opentelemetry-api-logs\1.26.0-alpha\opentelemetry-api-logs-1.26.0-alpha.jar;C:\Users\Solidus\.m2\repository\io\opentelemetry\opentelemetry-api-events\1.26.0-alpha\opentelemetry-api-events-1.26.0-alpha.jar;C:\Users\Solidus\.m2\repository\io\opentelemetry\opentelemetry-sdk-common\1.26.0\opentelemetry-sdk-common-1.26.0.jar;C:\Users\Solidus\.m2\repository\io\opentelemetry\opentelemetry-sdk-extension-autoconfigure-spi\1.26.0\opentelemetry-sdk-extension-autoconfigure-spi-1.26.0.jar;C:\Users\Solidus\.m2\repository\io\opentelemetry\opentelemetry-sdk-extension-autoconfigure\1.26.0-alpha\opentelemetry-sdk-extension-autoconfigure-1.26.0-alpha.jar;C:\Users\Solidus\.m2\repository\io\opentelemetry\opentelemetry-sdk-trace\1.26.0\opentelemetry-sdk-trace-1.26.0.jar;C:\Users\Solidus\.m2\repository\io\opentelemetry\opentelemetry-sdk\1.26.0\opentelemetry-sdk-1.26.0.jar;C:\Users\Solidus\.m2\repository\io\opentelemetry\opentelemetry-semconv\1.26.0-alpha\opentelemetry-semconv-1.26.0-alpha.jar;C:\Users\Solidus\.m2\repository\net\bytebuddy\byte-buddy\1.14.4\byte-buddy-1.14.4.jar;C:\Users\Solidus\.m2\repository\org\apache\commons\commons-exec\1.3\commons-exec-1.3.jar;C:\Users\Solidus\.m2\repository\org\asynchttpclient\async-http-client\2.12.3\async-http-client-2.12.3.jar;C:\Users\Solidus\.m2\repository\org\asynchttpclient\async-http-client-netty-utils\2.12.3\async-http-client-netty-utils-2.12.3.jar;C:\Users\Solidus\.m2\repository\io\netty\netty-codec-socks\4.1.60.Final\netty-codec-socks-4.1.60.Final.jar;C:\Users\Solidus\.m2\repository\io\netty\netty-handler-proxy\4.1.60.Final\netty-handler-proxy-4.1.60.Final.jar;C:\Users\Solidus\.m2\repository\io\netty\netty-transport-native-epoll\4.1.60.Final\netty-transport-native-epoll-4.1.60.Final-linux-x86_64.jar;C:\Users\Solidus\.m2\repository\io\netty\netty-transport-native-kqueue\4.1.60.Final\netty-transport-native-kqueue-4.1.60.Final-osx-x86_64.jar;C:\Users\Solidus\.m2\repository\org\reactivestreams\reactive-streams\1.0.3\reactive-streams-1.0.3.jar;C:\Users\Solidus\.m2\repository\com\typesafe\netty\netty-reactive-streams\2.0.4\netty-reactive-streams-2.0.4.jar;C:\Users\Solidus\.m2\repository\com\sun\activation\jakarta.activation\1.2.2\jakarta.activation-1.2.2.jar;C:\Users\Solidus\.m2\repository\org\seleniumhq\selenium\selenium-safari-driver\4.10.0\selenium-safari-driver-4.10.0.jar;C:\Users\Solidus\.m2\repository\org\seleniumhq\selenium\selenium-support\4.10.0\selenium-support-4.10.0.jar;C:\Users\Solidus\.m2\repository\io\appium\java-client\8.5.1\java-client-8.5.1.jar;C:\Users\Solidus\.m2\repository\com\google\code\gson\gson\2.10.1\gson-2.10.1.jar;C:\Users\Solidus\.m2\repository\commons-validator\commons-validator\1.7\commons-validator-1.7.jar;C:\Users\Solidus\.m2\repository\commons-beanutils\commons-beanutils\1.9.4\commons-beanutils-1.9.4.jar;C:\Users\Solidus\.m2\repository\commons-digester\commons-digester\2.1\commons-digester-2.1.jar;C:\Users\Solidus\.m2\repository\commons-logging\commons-logging\1.2\commons-logging-1.2.jar;C:\Users\Solidus\.m2\repository\commons-collections\commons-collections\3.2.2\commons-collections-3.2.2.jar;C:\Users\Solidus\.m2\repository\org\apache\commons\commons-lang3\3.12.0\commons-lang3-3.12.0.jar;C:\Users\Solidus\.m2\repository\org\slf4j\slf4j-api\2.0.7\slf4j-api-2.0.7.jar;C:\Users\Solidus\.m2\repository\org\testng\testng\7.6.0\testng-7.6.0.jar;C:\Users\Solidus\.m2\repository\com\google\code\findbugs\jsr305\3.0.2\jsr305-3.0.2.jar;C:\Users\Solidus\.m2\repository\com\beust\jcommander\1.82\jcommander-1.82.jar;C:\Users\Solidus\.m2\repository\org\webjars\jquery\3.6.0\jquery-3.6.0.jar;C:\Users\Solidus\.m2\repository\commons-io\commons-io\2.11.0\commons-io-2.11.0.jar;C:\Users\Solidus\.m2\repository\io\rest-assured\rest-assured\5.3.0\rest-assured-5.3.0.jar;C:\Users\Solidus\.m2\repository\org\apache\groovy\groovy\4.0.6\groovy-4.0.6.jar;C:\Users\Solidus\.m2\repository\org\apache\groovy\groovy-xml\4.0.6\groovy-xml-4.0.6.jar;C:\Users\Solidus\.m2\repository\org\apache\httpcomponents\httpclient\4.5.13\httpclient-4.5.13.jar;C:\Users\Solidus\.m2\repository\org\apache\httpcomponents\httpcore\4.4.13\httpcore-4.4.13.jar;C:\Users\Solidus\.m2\repository\commons-codec\commons-codec\1.11\commons-codec-1.11.jar;C:\Users\Solidus\.m2\repository\org\apache\httpcomponents\httpmime\4.5.13\httpmime-4.5.13.jar;C:\Users\Solidus\.m2\repository\org\hamcrest\hamcrest\2.1\hamcrest-2.1.jar;C:\Users\Solidus\.m2\repository\org\ccil\cowan\tagsoup\tagsoup\1.2.1\tagsoup-1.2.1.jar;C:\Users\Solidus\.m2\repository\io\rest-assured\json-path\5.3.0\json-path-5.3.0.jar;C:\Users\Solidus\.m2\repository\org\apache\groovy\groovy-json\4.0.6\groovy-json-4.0.6.jar;C:\Users\Solidus\.m2\repository\io\rest-assured\rest-assured-common\5.3.0\rest-assured-common-5.3.0.jar;C:\Users\Solidus\.m2\repository\io\rest-assured\xml-path\5.3.0\xml-path-5.3.0.jar;"/>
    <property name="java.vm.vendor" value="Oracle Corporation"/>
    <property name="sun.arch.data.model" value="64"/>
    <property name="user.variant" value=""/>
    <property name="java.vendor.url" value="https://openjdk.java.net/"/>
    <property name="user.timezone" value="America/Buenos_Aires"/>
    <property name="java.vm.specification.version" value="11"/>
    <property name="os.name" value="Windows 10"/>
    <property name="sun.java.launcher" value="SUN_STANDARD"/>
    <property name="user.country" value="AR"/>
    <property name="sun.boot.library.path" value="C:\Program Files\Java\jdk-11.0.16\bin"/>
    <property name="sun.java.command" value="C:\Users\Solidus\AppData\Local\Temp\surefire11974930773344937960\surefirebooter-20230830152328962_3.jar C:\Users\Solidus\AppData\Local\Temp\surefire11974930773344937960 2023-08-30T15-23-28_270-jvmRun1 surefire-20230830152328962_1tmp surefire_0-20230830152328962_2tmp"/>
    <property name="jdk.debug" value="release"/>
    <property name="surefire.test.class.path" value="C:\Users\Solidus\eclipse-workspace\Testing\target\test-classes;C:\Users\Solidus\eclipse-workspace\Testing\target\classes;C:\Users\Solidus\.m2\repository\org\seleniumhq\selenium\selenium-java\4.10.0\selenium-java-4.10.0.jar;C:\Users\Solidus\.m2\repository\org\seleniumhq\selenium\selenium-api\4.10.0\selenium-api-4.10.0.jar;C:\Users\Solidus\.m2\repository\org\seleniumhq\selenium\selenium-chrome-driver\4.10.0\selenium-chrome-driver-4.10.0.jar;C:\Users\Solidus\.m2\repository\com\google\auto\service\auto-service-annotations\1.0.1\auto-service-annotations-1.0.1.jar;C:\Users\Solidus\.m2\repository\com\google\auto\service\auto-service\1.0.1\auto-service-1.0.1.jar;C:\Users\Solidus\.m2\repository\com\google\auto\auto-common\1.2\auto-common-1.2.jar;C:\Users\Solidus\.m2\repository\com\google\guava\guava\31.1-jre\guava-31.1-jre.jar;C:\Users\Solidus\.m2\repository\com\google\guava\failureaccess\1.0.1\failureaccess-1.0.1.jar;C:\Users\Solidus\.m2\repository\com\google\guava\listenablefuture\9999.0-empty-to-avoid-conflict-with-guava\listenablefuture-9999.0-empty-to-avoid-conflict-with-guava.jar;C:\Users\Solidus\.m2\repository\org\checkerframework\checker-qual\3.12.0\checker-qual-3.12.0.jar;C:\Users\Solidus\.m2\repository\com\google\errorprone\error_prone_annotations\2.11.0\error_prone_annotations-2.11.0.jar;C:\Users\Solidus\.m2\repository\com\google\j2objc\j2objc-annotations\1.3\j2objc-annotations-1.3.jar;C:\Users\Solidus\.m2\repository\org\seleniumhq\selenium\selenium-chromium-driver\4.10.0\selenium-chromium-driver-4.10.0.jar;C:\Users\Solidus\.m2\repository\org\seleniumhq\selenium\selenium-json\4.10.0\selenium-json-4.10.0.jar;C:\Users\Solidus\.m2\repository\org\seleniumhq\selenium\selenium-manager\4.10.0\selenium-manager-4.10.0.jar;C:\Users\Solidus\.m2\repository\org\seleniumhq\selenium\selenium-devtools-v112\4.10.0\selenium-devtools-v112-4.10.0.jar;C:\Users\Solidus\.m2\repository\org\seleniumhq\selenium\selenium-devtools-v113\4.10.0\selenium-devtools-v113-4.10.0.jar;C:\Users\Solidus\.m2\repository\org\seleniumhq\selenium\selenium-devtools-v114\4.10.0\selenium-devtools-v114-4.10.0.jar;C:\Users\Solidus\.m2\repository\org\seleniumhq\selenium\selenium-devtools-v85\4.10.0\selenium-devtools-v85-4.10.0.jar;C:\Users\Solidus\.m2\repository\org\seleniumhq\selenium\selenium-edge-driver\4.10.0\selenium-edge-driver-4.10.0.jar;C:\Users\Solidus\.m2\repository\org\seleniumhq\selenium\selenium-firefox-driver\4.10.0\selenium-firefox-driver-4.10.0.jar;C:\Users\Solidus\.m2\repository\org\seleniumhq\selenium\selenium-http\4.10.0\selenium-http-4.10.0.jar;C:\Users\Solidus\.m2\repository\dev\failsafe\failsafe\3.3.1\failsafe-3.3.1.jar;C:\Users\Solidus\.m2\repository\org\seleniumhq\selenium\selenium-ie-driver\4.10.0\selenium-ie-driver-4.10.0.jar;C:\Users\Solidus\.m2\repository\org\seleniumhq\selenium\selenium-remote-driver\4.10.0\selenium-remote-driver-4.10.0.jar;C:\Users\Solidus\.m2\repository\io\netty\netty-buffer\4.1.92.Final\netty-buffer-4.1.92.Final.jar;C:\Users\Solidus\.m2\repository\io\netty\netty-codec-http\4.1.92.Final\netty-codec-http-4.1.92.Final.jar;C:\Users\Solidus\.m2\repository\io\netty\netty-codec\4.1.92.Final\netty-codec-4.1.92.Final.jar;C:\Users\Solidus\.m2\repository\io\netty\netty-handler\4.1.92.Final\netty-handler-4.1.92.Final.jar;C:\Users\Solidus\.m2\repository\io\netty\netty-common\4.1.92.Final\netty-common-4.1.92.Final.jar;C:\Users\Solidus\.m2\repository\io\netty\netty-transport-classes-epoll\4.1.92.Final\netty-transport-classes-epoll-4.1.92.Final.jar;C:\Users\Solidus\.m2\repository\io\netty\netty-transport-classes-kqueue\4.1.92.Final\netty-transport-classes-kqueue-4.1.92.Final.jar;C:\Users\Solidus\.m2\repository\io\netty\netty-transport-native-epoll\4.1.92.Final\netty-transport-native-epoll-4.1.92.Final.jar;C:\Users\Solidus\.m2\repository\io\netty\netty-transport-native-kqueue\4.1.92.Final\netty-transport-native-kqueue-4.1.92.Final.jar;C:\Users\Solidus\.m2\repository\io\netty\netty-transport-native-unix-common\4.1.92.Final\netty-transport-native-unix-common-4.1.92.Final.jar;C:\Users\Solidus\.m2\repository\io\netty\netty-transport\4.1.92.Final\netty-transport-4.1.92.Final.jar;C:\Users\Solidus\.m2\repository\io\netty\netty-resolver\4.1.92.Final\netty-resolver-4.1.92.Final.jar;C:\Users\Solidus\.m2\repository\io\opentelemetry\opentelemetry-api\1.26.0\opentelemetry-api-1.26.0.jar;C:\Users\Solidus\.m2\repository\io\opentelemetry\opentelemetry-context\1.26.0\opentelemetry-context-1.26.0.jar;C:\Users\Solidus\.m2\repository\io\opentelemetry\opentelemetry-exporter-logging\1.26.0\opentelemetry-exporter-logging-1.26.0.jar;C:\Users\Solidus\.m2\repository\io\opentelemetry\opentelemetry-sdk-metrics\1.26.0\opentelemetry-sdk-metrics-1.26.0.jar;C:\Users\Solidus\.m2\repository\io\opentelemetry\opentelemetry-extension-incubator\1.26.0-alpha\opentelemetry-extension-incubator-1.26.0-alpha.jar;C:\Users\Solidus\.m2\repository\io\opentelemetry\opentelemetry-sdk-logs\1.26.0-alpha\opentelemetry-sdk-logs-1.26.0-alpha.jar;C:\Users\Solidus\.m2\repository\io\opentelemetry\opentelemetry-api-logs\1.26.0-alpha\opentelemetry-api-logs-1.26.0-alpha.jar;C:\Users\Solidus\.m2\repository\io\opentelemetry\opentelemetry-api-events\1.26.0-alpha\opentelemetry-api-events-1.26.0-alpha.jar;C:\Users\Solidus\.m2\repository\io\opentelemetry\opentelemetry-sdk-common\1.26.0\opentelemetry-sdk-common-1.26.0.jar;C:\Users\Solidus\.m2\repository\io\opentelemetry\opentelemetry-sdk-extension-autoconfigure-spi\1.26.0\opentelemetry-sdk-extension-autoconfigure-spi-1.26.0.jar;C:\Users\Solidus\.m2\repository\io\opentelemetry\opentelemetry-sdk-extension-autoconfigure\1.26.0-alpha\opentelemetry-sdk-extension-autoconfigure-1.26.0-alpha.jar;C:\Users\Solidus\.m2\repository\io\opentelemetry\opentelemetry-sdk-trace\1.26.0\opentelemetry-sdk-trace-1.26.0.jar;C:\Users\Solidus\.m2\repository\io\opentelemetry\opentelemetry-sdk\1.26.0\opentelemetry-sdk-1.26.0.jar;C:\Users\Solidus\.m2\repository\io\opentelemetry\opentelemetry-semconv\1.26.0-alpha\opentelemetry-semconv-1.26.0-alpha.jar;C:\Users\Solidus\.m2\repository\net\bytebuddy\byte-buddy\1.14.4\byte-buddy-1.14.4.jar;C:\Users\Solidus\.m2\repository\org\apache\commons\commons-exec\1.3\commons-exec-1.3.jar;C:\Users\Solidus\.m2\repository\org\asynchttpclient\async-http-client\2.12.3\async-http-client-2.12.3.jar;C:\Users\Solidus\.m2\repository\org\asynchttpclient\async-http-client-netty-utils\2.12.3\async-http-client-netty-utils-2.12.3.jar;C:\Users\Solidus\.m2\repository\io\netty\netty-codec-socks\4.1.60.Final\netty-codec-socks-4.1.60.Final.jar;C:\Users\Solidus\.m2\repository\io\netty\netty-handler-proxy\4.1.60.Final\netty-handler-proxy-4.1.60.Final.jar;C:\Users\Solidus\.m2\repository\io\netty\netty-transport-native-epoll\4.1.60.Final\netty-transport-native-epoll-4.1.60.Final-linux-x86_64.jar;C:\Users\Solidus\.m2\repository\io\netty\netty-transport-native-kqueue\4.1.60.Final\netty-transport-native-kqueue-4.1.60.Final-osx-x86_64.jar;C:\Users\Solidus\.m2\repository\org\reactivestreams\reactive-streams\1.0.3\reactive-streams-1.0.3.jar;C:\Users\Solidus\.m2\repository\com\typesafe\netty\netty-reactive-streams\2.0.4\netty-reactive-streams-2.0.4.jar;C:\Users\Solidus\.m2\repository\com\sun\activation\jakarta.activation\1.2.2\jakarta.activation-1.2.2.jar;C:\Users\Solidus\.m2\repository\org\seleniumhq\selenium\selenium-safari-driver\4.10.0\selenium-safari-driver-4.10.0.jar;C:\Users\Solidus\.m2\repository\org\seleniumhq\selenium\selenium-support\4.10.0\selenium-support-4.10.0.jar;C:\Users\Solidus\.m2\repository\io\appium\java-client\8.5.1\java-client-8.5.1.jar;C:\Users\Solidus\.m2\repository\com\google\code\gson\gson\2.10.1\gson-2.10.1.jar;C:\Users\Solidus\.m2\repository\commons-validator\commons-validator\1.7\commons-validator-1.7.jar;C:\Users\Solidus\.m2\repository\commons-beanutils\commons-beanutils\1.9.4\commons-beanutils-1.9.4.jar;C:\Users\Solidus\.m2\repository\commons-digester\commons-digester\2.1\commons-digester-2.1.jar;C:\Users\Solidus\.m2\repository\commons-logging\commons-logging\1.2\commons-logging-1.2.jar;C:\Users\Solidus\.m2\repository\commons-collections\commons-collections\3.2.2\commons-collections-3.2.2.jar;C:\Users\Solidus\.m2\repository\org\apache\commons\commons-lang3\3.12.0\commons-lang3-3.12.0.jar;C:\Users\Solidus\.m2\repository\org\slf4j\slf4j-api\2.0.7\slf4j-api-2.0.7.jar;C:\Users\Solidus\.m2\repository\org\testng\testng\7.6.0\testng-7.6.0.jar;C:\Users\Solidus\.m2\repository\com\google\code\findbugs\jsr305\3.0.2\jsr305-3.0.2.jar;C:\Users\Solidus\.m2\repository\com\beust\jcommander\1.82\jcommander-1.82.jar;C:\Users\Solidus\.m2\repository\org\webjars\jquery\3.6.0\jquery-3.6.0.jar;C:\Users\Solidus\.m2\repository\commons-io\commons-io\2.11.0\commons-io-2.11.0.jar;C:\Users\Solidus\.m2\repository\io\rest-assured\rest-assured\5.3.0\rest-assured-5.3.0.jar;C:\Users\Solidus\.m2\repository\org\apache\groovy\groovy\4.0.6\groovy-4.0.6.jar;C:\Users\Solidus\.m2\repository\org\apache\groovy\groovy-xml\4.0.6\groovy-xml-4.0.6.jar;C:\Users\Solidus\.m2\repository\org\apache\httpcomponents\httpclient\4.5.13\httpclient-4.5.13.jar;C:\Users\Solidus\.m2\repository\org\apache\httpcomponents\httpcore\4.4.13\httpcore-4.4.13.jar;C:\Users\Solidus\.m2\repository\commons-codec\commons-codec\1.11\commons-codec-1.11.jar;C:\Users\Solidus\.m2\repository\org\apache\httpcomponents\httpmime\4.5.13\httpmime-4.5.13.jar;C:\Users\Solidus\.m2\repository\org\hamcrest\hamcrest\2.1\hamcrest-2.1.jar;C:\Users\Solidus\.m2\repository\org\ccil\cowan\tagsoup\tagsoup\1.2.1\tagsoup-1.2.1.jar;C:\Users\Solidus\.m2\repository\io\rest-assured\json-path\5.3.0\json-path-5.3.0.jar;C:\Users\Solidus\.m2\repository\org\apache\groovy\groovy-json\4.0.6\groovy-json-4.0.6.jar;C:\Users\Solidus\.m2\repository\io\rest-assured\rest-assured-common\5.3.0\rest-assured-common-5.3.0.jar;C:\Users\Solidus\.m2\repository\io\rest-assured\xml-path\5.3.0\xml-path-5.3.0.jar;"/>
    <property name="sun.cpu.endian" value="little"/>
    <property name="user.home" value="C:\Users\Solidus"/>
    <property name="user.language" value="es"/>
    <property name="java.specification.vendor" value="Oracle Corporation"/>
    <property name="java.version.date" value="2022-07-19"/>
    <property name="java.home" value="C:\Program Files\Java\jdk-11.0.16"/>
    <property name="file.separator" value="\"/>
    <property name="basedir" value="C:\Users\Solidus\eclipse-workspace\Testing"/>
    <property name="java.vm.compressedOopsMode" value="Zero based"/>
    <property name="line.separator" value="&#10;"/>
    <property name="java.specification.name" value="Java Platform API Specification"/>
    <property name="java.vm.specification.vendor" value="Oracle Corporation"/>
    <property name="java.awt.graphicsenv" value="sun.awt.Win32GraphicsEnvironment"/>
    <property name="surefire.real.class.path" value="C:\Users\Solidus\AppData\Local\Temp\surefire11974930773344937960\surefirebooter-20230830152328962_3.jar"/>
    <property name="Browser" value="Firefox, Chrome"/>
    <property name="user.script" value=""/>
    <property name="sun.management.compiler" value="HotSpot 64-Bit Tiered Compilers"/>
    <property name="java.runtime.version" value="11.0.16+11-LTS-199"/>
    <property name="user.name" value="Solidus"/>
    <property name="path.separator" value=";"/>
    <property name="os.version" value="10.0"/>
    <property name="java.runtime.name" value="Java(TM) SE Runtime Environment"/>
    <property name="file.encoding" value="Cp1252"/>
    <property name="java.vm.name" value="Java HotSpot(TM) 64-Bit Server VM"/>
    <property name="java.vendor.version" value="18.9"/>
    <property name="localRepository" value="C:\Users\Solidus\.m2\repository"/>
    <property name="java.vendor.url.bug" value="https://bugreport.java.com/bugreport/"/>
    <property name="java.io.tmpdir" value="C:\Users\Solidus\AppData\Local\Temp\"/>
    <property name="java.version" value="11.0.16"/>
    <property name="user.dir" value="C:\Users\Solidus\eclipse-workspace\Testing"/>
    <property name="os.arch" value="amd64"/>
    <property name="java.vm.specification.name" value="Java Virtual Machine Specification"/>
    <property name="java.awt.printerjob" value="sun.awt.windows.WPrinterJob"/>
    <property name="sun.os.patch.level" value=""/>
    <property name="java.library.path" value="C:\Program Files\Java\jdk-11.0.16\bin;C:\Windows\Sun\Java\bin;C:\Windows\system32;C:\Windows;C:\Program Files\Common Files\Oracle\Java\javapath;C:\Program Files (x86)\Common Files\Oracle\Java\javapath;C:\Windows\system32;C:\Windows;C:\Windows\System32\Wbem;C:\Windows\System32\WindowsPowerShell\v1.0\;C:\Windows\System32\OpenSSH\;C:\Program Files\dotnet\;C:\Program Files\Git\cmd;C:\Program Files\Java\jdk-11.0.16\bin;C:\Program Files (x86)\NVIDIA Corporation\PhysX\Common;C:\Users\Solidus\AppData\Local\Android\Sdk\platform-tools\;C:\Program Files\nodejs\;C:\Users\Solidus\AppData\Local\Android\Sdk\build-tools\;C:\Users\Solidus\AppData\Local\Microsoft\WindowsApps;C:\Users\Solidus\.dotnet\tools;C:\Users\Solidus\AppData\Local\Programs\Microsoft VS Code\bin;C:\Users\Solidus\Documents\Mis trabajos\Trabajo QA\Maven\apache-maven-3.8.6\bin;C:\Users\Solidus\AppData\Roaming\npm;."/>
    <property name="java.vendor" value="Oracle Corporation"/>
    <property name="java.vm.info" value="mixed mode"/>
    <property name="java.vm.version" value="11.0.16+11-LTS-199"/>
    <property name="sun.io.unicode.encoding" value="UnicodeLittle"/>
    <property name="java.class.version" value="55.0"/>
  </properties>
  <testcase name="testexample" classname="com.automationtest.appium.CalculatorTest" time="9.365">
    <system-out><![CDATA[&amp#27;[35m[Appium]&amp#27;[39m Welcome to Appium v2.1.3
&amp#27;[35m[Appium]&amp#27;[39m Non-default server args:
&amp#27;[35m[Appium]&amp#27;[39m { address: &amp#27;[32m'127.0.0.1'&amp#27;[39m }
&amp#27;[35m[Appium]&amp#27;[39m Attempting to load driver uiautomator2...
[debug] &amp#27;[35m[Appium]&amp#27;[39m Requiring driver at C:\Users\Solidus\.appium\node_modules\appium-uiautomator2-driver
&amp#27;[35m[Appium]&amp#27;[39m Appium REST http interface listener started on http://127.0.0.1:4723
&amp#27;[35m[Appium]&amp#27;[39m Available drivers:
&amp#27;[35m[Appium]&amp#27;[39m   - uiautomator2@2.29.5 (automationName 'UiAutomator2')
&amp#27;[35m[Appium]&amp#27;[39m No plugins have been installed. Use the "appium plugin" command to install the one(s) you want to use.
&amp#27;[38;5;0m[HTTP]&amp#27;[0m &amp#27;[37m-->&amp#27;[39m &amp#27;[37mGET&amp#27;[39m &amp#27;[37m/status&amp#27;[39m
&amp#27;[38;5;0m[HTTP]&amp#27;[0m &amp#27;[90m{}&amp#27;[39m
[debug] &amp#27;[38;5;16m[AppiumDriver@7c90]&amp#27;[0m Calling AppiumDriver.getStatus() with args: []
[debug] &amp#27;[38;5;16m[AppiumDriver@7c90]&amp#27;[0m Responding to client with driver.getStatus() result: {"ready":true,"message":"The server is ready to accept new connections","build":{"version":"2.1.3"}}
&amp#27;[38;5;0m[HTTP]&amp#27;[0m &amp#27;[37m<-- GET /status &amp#27;[39m&amp#27;[32m200&amp#27;[39m &amp#27;[90m8 ms - 110&amp#27;[39m
&amp#27;[38;5;0m[HTTP]&amp#27;[0m &amp#27;[90m&amp#27;[39m
[debug] &amp#27;[38;5;0m[HTTP]&amp#27;[0m Request idempotency key: fee1fa89-0617-42bb-b0b5-fedb3839f064
&amp#27;[38;5;0m[HTTP]&amp#27;[0m &amp#27;[37m-->&amp#27;[39m &amp#27;[37mPOST&amp#27;[39m &amp#27;[37m/session&amp#27;[39m
&amp#27;[38;5;0m[HTTP]&amp#27;[0m &amp#27;[90m{"capabilities":{"firstMatch":[{}],"alwaysMatch":{"appium:appActivity":".Calculator","appium:appPackage":"com.sec.android.app.popupcalculator","appium:automationName":"UiAutomator2","appium:reportDirectory":"reports","appium:reportFormat":"xml","appium:testName":"example","appium:udid":"5210a713529ac445","platformName":"ANDROID"}}}&amp#27;[39m
[debug] &amp#27;[38;5;16m[AppiumDriver@7c90]&amp#27;[0m Calling AppiumDriver.createSession() with args: [null,null,{"firstMatch":[{}],"alwaysMatch":{"appium:appActivity":".Calculator","appium:appPackage":"com.sec.android.app.popupcalculator","appium:automationName":"UiAutomator2","appium:reportDirectory":"reports","appium:reportFormat":"xml","appium:testName":"example","appium:udid":"5210a713529ac445","platformName":"ANDROID"}}]
[debug] &amp#27;[38;5;16m[AppiumDriver@7c90]&amp#27;[0m Event 'newSessionRequested' logged at 1693419832662 (15:23:52 GMT-0300 (hora estÃ¡ndar de Argentina))
&amp#27;[35m[Appium]&amp#27;[39m Attempting to find matching driver for automationName 'UiAutomator2' and platformName 'ANDROID'
&amp#27;[35m[Appium]&amp#27;[39m The 'uiautomator2' driver was installed and matched caps.
&amp#27;[35m[Appium]&amp#27;[39m Will require it at C:\Users\Solidus\.appium\node_modules\appium-uiautomator2-driver
[debug] &amp#27;[35m[Appium]&amp#27;[39m Requiring driver at C:\Users\Solidus\.appium\node_modules\appium-uiautomator2-driver
&amp#27;[38;5;16m[AppiumDriver@7c90]&amp#27;[0m Appium v2.1.3 creating new AndroidUiautomator2Driver (v2.29.5) session
&amp#27;[38;5;16m[AppiumDriver@7c90]&amp#27;[0m Checking BaseDriver versions for Appium and AndroidUiautomator2Driver
&amp#27;[38;5;16m[AppiumDriver@7c90]&amp#27;[0m Appium's BaseDriver version is 9.3.20
&amp#27;[38;5;16m[AppiumDriver@7c90]&amp#27;[0m AndroidUiautomator2Driver's BaseDriver version is 9.3.20
[debug] &amp#27;[38;5;32m[AndroidUiautomator2Driver@6057]&amp#27;[0m Creating session with W3C capabilities: {
[debug] &amp#27;[38;5;32m[AndroidUiautomator2Driver@6057]&amp#27;[0m   "alwaysMatch": {
[debug] &amp#27;[38;5;32m[AndroidUiautomator2Driver@6057]&amp#27;[0m     "platformName": "ANDROID",
[debug] &amp#27;[38;5;32m[AndroidUiautomator2Driver@6057]&amp#27;[0m     "appium:appActivity": ".Calculator",
[debug] &amp#27;[38;5;32m[AndroidUiautomator2Driver@6057]&amp#27;[0m     "appium:appPackage": "com.sec.android.app.popupcalculator",
[debug] &amp#27;[38;5;32m[AndroidUiautomator2Driver@6057]&amp#27;[0m     "appium:automationName": "UiAutomator2",
[debug] &amp#27;[38;5;32m[AndroidUiautomator2Driver@6057]&amp#27;[0m     "appium:reportDirectory": "reports",
[debug] &amp#27;[38;5;32m[AndroidUiautomator2Driver@6057]&amp#27;[0m     "appium:reportFormat": "xml",
[debug] &amp#27;[38;5;32m[AndroidUiautomator2Driver@6057]&amp#27;[0m     "appium:testName": "example",
[debug] &amp#27;[38;5;32m[AndroidUiautomator2Driver@6057]&amp#27;[0m     "appium:udid": "5210a713529ac445"
[debug] &amp#27;[38;5;32m[AndroidUiautomator2Driver@6057]&amp#27;[0m   },
[debug] &amp#27;[38;5;32m[AndroidUiautomator2Driver@6057]&amp#27;[0m   "firstMatch": [
[debug] &amp#27;[38;5;32m[AndroidUiautomator2Driver@6057]&amp#27;[0m     {}
[debug] &amp#27;[38;5;32m[AndroidUiautomator2Driver@6057]&amp#27;[0m   ]
[debug] &amp#27;[38;5;32m[AndroidUiautomator2Driver@6057]&amp#27;[0m }
&amp#27;[38;5;32m[AndroidUiautomator2Driver@6057]&amp#27;[0m The following capabilities were provided, but are not recognized by Appium:
&amp#27;[38;5;32m[AndroidUiautomator2Driver@6057]&amp#27;[0m   reportDirectory
&amp#27;[38;5;32m[AndroidUiautomator2Driver@6057]&amp#27;[0m   reportFormat
&amp#27;[38;5;32m[AndroidUiautomator2Driver@6057]&amp#27;[0m   testName
&amp#27;[38;5;32m[AndroidUiautomator2Driver@6057 (61220bf9)]&amp#27;[0m Session created with session id: 61220bf9-4c83-49f4-8ef5-936354755a00
&amp#27;[38;5;32m[AndroidUiautomator2Driver@6057 (61220bf9)]&amp#27;[0m Starting 'com.sec.android.app.popupcalculator' directly on the device
&amp#27;[38;5;48m[ADB]&amp#27;[0m Cannot sort build-tools folders ["renderscript","lld-bin","lib64","lib"] by semantic version names.
&amp#27;[38;5;48m[ADB]&amp#27;[0m Falling back to sorting by modification date. Original error: Invalid Version: renderscript
&amp#27;[38;5;48m[ADB]&amp#27;[0m Found 4 'build-tools' folders under 'C:\Users\Solidus\AppData\Local\Android\Sdk\' (newest first):
&amp#27;[38;5;48m[ADB]&amp#27;[0m     C:\Users\Solidus\AppData\Local\Android\Sdk\build-tools\renderscript
&amp#27;[38;5;48m[ADB]&amp#27;[0m     C:\Users\Solidus\AppData\Local\Android\Sdk\build-tools\lld-bin
&amp#27;[38;5;48m[ADB]&amp#27;[0m     C:\Users\Solidus\AppData\Local\Android\Sdk\build-tools\lib64
&amp#27;[38;5;48m[ADB]&amp#27;[0m     C:\Users\Solidus\AppData\Local\Android\Sdk\build-tools\lib
&amp#27;[38;5;48m[ADB]&amp#27;[0m Using 'adb.exe' from 'C:\Users\Solidus\AppData\Local\Android\Sdk\platform-tools\adb.exe'
[debug] &amp#27;[38;5;48m[ADB]&amp#27;[0m Running 'C:\Users\Solidus\AppData\Local\Android\Sdk\platform-tools\adb.exe -P 5037 start-server'
&amp#27;[38;5;64m[AndroidDriver]&amp#27;[0m Retrieving device list
[debug] &amp#27;[38;5;48m[ADB]&amp#27;[0m Trying to find a connected android device
[debug] &amp#27;[38;5;48m[ADB]&amp#27;[0m Getting connected devices
[debug] &amp#27;[38;5;48m[ADB]&amp#27;[0m Connected devices: [{"udid":"5210a713529ac445","state":"device"}]
&amp#27;[38;5;64m[AndroidDriver]&amp#27;[0m Using device: 5210a713529ac445
&amp#27;[38;5;48m[ADB]&amp#27;[0m Using 'adb.exe' from 'C:\Users\Solidus\AppData\Local\Android\Sdk\platform-tools\adb.exe'
[debug] &amp#27;[38;5;48m[ADB]&amp#27;[0m Running 'C:\Users\Solidus\AppData\Local\Android\Sdk\platform-tools\adb.exe -P 5037 start-server'
[debug] &amp#27;[38;5;48m[ADB]&amp#27;[0m Setting device id to 5210a713529ac445
[debug] &amp#27;[38;5;48m[ADB]&amp#27;[0m Running 'C:\Users\Solidus\AppData\Local\Android\Sdk\platform-tools\adb.exe -P 5037 -s 5210a713529ac445 shell getprop ro.build.version.sdk'
[debug] &amp#27;[38;5;48m[ADB]&amp#27;[0m Current device property 'ro.build.version.sdk': 27
[debug] &amp#27;[38;5;48m[ADB]&amp#27;[0m Device API level: 27
&amp#27;[38;5;64m[AndroidDriver]&amp#27;[0m No app sent in, not parsing package/activity
[debug] &amp#27;[38;5;64m[AndroidDriver]&amp#27;[0m Pushing settings apk to device...
[debug] &amp#27;[38;5;48m[ADB]&amp#27;[0m Getting package info for 'io.appium.settings'
[debug] &amp#27;[38;5;48m[ADB]&amp#27;[0m Running 'C:\Users\Solidus\AppData\Local\Android\Sdk\platform-tools\adb.exe -P 5037 -s 5210a713529ac445 shell dumpsys package io.appium.settings'
[debug] &amp#27;[38;5;48m[ADB]&amp#27;[0m The version name of the installed 'io.appium.settings' is greater or equal to the application version name ('5.1.0' >= '5.1.0')
[debug] &amp#27;[38;5;48m[ADB]&amp#27;[0m There is no need to install/upgrade 'C:\Users\Solidus\.appium\node_modules\appium-uiautomator2-driver\node_modules\io.appium.settings\apks\settings_apk-debug.apk'
[debug] &amp#27;[38;5;48m[ADB]&amp#27;[0m Getting IDs of all 'io.appium.settings' processes
[debug] &amp#27;[38;5;48m[ADB]&amp#27;[0m Running 'C:\Users\Solidus\AppData\Local\Android\Sdk\platform-tools\adb.exe -P 5037 -s 5210a713529ac445 shell 'pgrep --help; echo $?''
[debug] &amp#27;[38;5;48m[ADB]&amp#27;[0m Running 'C:\Users\Solidus\AppData\Local\Android\Sdk\platform-tools\adb.exe -P 5037 -s 5210a713529ac445 shell pgrep -f \(\[\[:blank:\]\]\|\^\)io\.appium\.settings\(\[\[:blank:\]\]\|\$\)'
[debug] &amp#27;[38;5;64m[AndroidDriver]&amp#27;[0m io.appium.settings is already running. There is no need to reset its permissions.
[debug] &amp#27;[38;5;48m[ADB]&amp#27;[0m Running 'C:\Users\Solidus\AppData\Local\Android\Sdk\platform-tools\adb.exe -P 5037 -s 5210a713529ac445 shell appops set io.appium.settings android:mock_location allow'
[debug] &amp#27;[38;5;48m[ADB]&amp#27;[0m Running 'C:\Users\Solidus\AppData\Local\Android\Sdk\platform-tools\adb.exe -P 5037 -s 5210a713529ac445 shell "[ -e '/data/local/tmp/mock_apps.json' ] && echo __PASS__"'
[debug] &amp#27;[38;5;48m[ADB]&amp#27;[0m Running 'C:\Users\Solidus\AppData\Local\Android\Sdk\platform-tools\adb.exe -P 5037 -s 5210a713529ac445 shell cat /data/local/tmp/mock_apps.json'
[debug] &amp#27;[38;5;80m[Logcat]&amp#27;[0m Starting logs capture with command: C:\\Users\\Solidus\\AppData\\Local\\Android\\Sdk\\platform-tools\\adb.exe -P 5037 -s 5210a713529ac445 logcat -v threadtime
[debug] &amp#27;[38;5;32m[AndroidUiautomator2Driver@6057 (61220bf9)]&amp#27;[0m Forwarding UiAutomator2 Server port 6790 to local port 8200
[debug] &amp#27;[38;5;48m[ADB]&amp#27;[0m Forwarding system: 8200 to device: 6790
[debug] &amp#27;[38;5;48m[ADB]&amp#27;[0m Running 'C:\Users\Solidus\AppData\Local\Android\Sdk\platform-tools\adb.exe -P 5037 -s 5210a713529ac445 forward tcp:8200 tcp:6790'
[debug] &amp#27;[38;5;48m[ADB]&amp#27;[0m Checking app cert for C:\Users\Solidus\.appium\node_modules\appium-uiautomator2-driver\node_modules\appium-uiautomator2-server\apks\appium-uiautomator2-server-v5.12.3.apk
[debug] &amp#27;[38;5;48m[ADB]&amp#27;[0m Checking app cert for C:\Users\Solidus\.appium\node_modules\appium-uiautomator2-driver\node_modules\appium-uiautomator2-server\apks\appium-uiautomator2-server-debug-androidTest.apk
&amp#27;[38;5;48m[ADB]&amp#27;[0m Using 'apksigner.jar' from 'C:\Users\Solidus\AppData\Local\Android\Sdk\build-tools\lib\apksigner.jar'
[debug] &amp#27;[38;5;48m[ADB]&amp#27;[0m Starting apksigner: 'C:\\Program Files\\Java\\jdk-11.0.16\\bin\\java.exe' -Xmx1024M -Xss1m -jar C:\\Users\\Solidus\\AppData\\Local\\Android\\Sdk\\build-tools\\lib\\apksigner.jar verify --print-certs C:\\Users\\Solidus\\.appium\\node_modules\\appium-uiautomator2-driver\\node_modules\\appium-uiautomator2-server\\apks\\appium-uiautomator2-server-debug-androidTest.apk
[debug] &amp#27;[38;5;48m[ADB]&amp#27;[0m Starting apksigner: 'C:\\Program Files\\Java\\jdk-11.0.16\\bin\\java.exe' -Xmx1024M -Xss1m -jar C:\\Users\\Solidus\\AppData\\Local\\Android\\Sdk\\build-tools\\lib\\apksigner.jar verify --print-certs C:\\Users\\Solidus\\.appium\\node_modules\\appium-uiautomator2-driver\\node_modules\\appium-uiautomator2-server\\apks\\appium-uiautomator2-server-v5.12.3.apk
[debug] &amp#27;[38;5;48m[ADB]&amp#27;[0m apksigner stdout: Signer #1 certificate DN: EMAILADDRESS=android@android.com, CN=Android, OU=Android, O=Android, L=Mountain View, ST=California, C=US
[debug] &amp#27;[38;5;48m[ADB]&amp#27;[0m Signer #1 certificate SHA-256 digest: a40da80a59d170caa950cf15c18c454d47a39b26989d8b640ecd745ba71bf5dc
[debug] &amp#27;[38;5;48m[ADB]&amp#27;[0m Signer #1 certificate SHA-1 digest: 61ed377e85d386a8dfee6b864bd85b0bfaa5af81
[debug] &amp#27;[38;5;48m[ADB]&amp#27;[0m Signer #1 certificate MD5 digest: e89b158e4bcf988ebd09eb83f5378e87
[debug] &amp#27;[38;5;48m[ADB]&amp#27;[0m 
[debug] &amp#27;[38;5;48m[ADB]&amp#27;[0m sha256 hash did match for 'appium-uiautomator2-server-debug-androidTest.apk'
&amp#27;[38;5;48m[ADB]&amp#27;[0m 'C:\Users\Solidus\.appium\node_modules\appium-uiautomator2-driver\node_modules\appium-uiautomator2-server\apks\appium-uiautomator2-server-debug-androidTest.apk' is signed with the default certificate
[debug] &amp#27;[38;5;48m[ADB]&amp#27;[0m Getting install status for io.appium.uiautomator2.server.test
[debug] &amp#27;[38;5;48m[ADB]&amp#27;[0m Running 'C:\Users\Solidus\AppData\Local\Android\Sdk\platform-tools\adb.exe -P 5037 -s 5210a713529ac445 shell pm path io.appium.uiautomator2.server.test'
[debug] &amp#27;[38;5;48m[ADB]&amp#27;[0m 'io.appium.uiautomator2.server.test' is installed
[debug] &amp#27;[38;5;48m[ADB]&amp#27;[0m apksigner stdout: Signer #1 certificate DN: EMAILADDRESS=android@android.com, CN=Android, OU=Android, O=Android, L=Mountain View, ST=California, C=US
[debug] &amp#27;[38;5;48m[ADB]&amp#27;[0m Signer #1 certificate SHA-256 digest: a40da80a59d170caa950cf15c18c454d47a39b26989d8b640ecd745ba71bf5dc
[debug] &amp#27;[38;5;48m[ADB]&amp#27;[0m Signer #1 certificate SHA-1 digest: 61ed377e85d386a8dfee6b864bd85b0bfaa5af81
[debug] &amp#27;[38;5;48m[ADB]&amp#27;[0m Signer #1 certificate MD5 digest: e89b158e4bcf988ebd09eb83f5378e87
[debug] &amp#27;[38;5;48m[ADB]&amp#27;[0m 
[debug] &amp#27;[38;5;48m[ADB]&amp#27;[0m sha256 hash did match for 'appium-uiautomator2-server-v5.12.3.apk'
&amp#27;[38;5;48m[ADB]&amp#27;[0m 'C:\Users\Solidus\.appium\node_modules\appium-uiautomator2-driver\node_modules\appium-uiautomator2-server\apks\appium-uiautomator2-server-v5.12.3.apk' is signed with the default certificate
[debug] &amp#27;[38;5;48m[ADB]&amp#27;[0m Getting package info for 'io.appium.uiautomator2.server'
[debug] &amp#27;[38;5;48m[ADB]&amp#27;[0m Running 'C:\Users\Solidus\AppData\Local\Android\Sdk\platform-tools\adb.exe -P 5037 -s 5210a713529ac445 shell dumpsys package io.appium.uiautomator2.server'
[debug] &amp#27;[38;5;48m[ADB]&amp#27;[0m The version name of the installed 'io.appium.uiautomator2.server' is greater or equal to the application version name ('5.12.3' >= '5.12.3')
[debug] &amp#27;[38;5;32m[AndroidUiautomator2Driver@6057 (61220bf9)]&amp#27;[0m Server packages status: [{"wasSigned":true,"installState":"sameVersionInstalled","appPath":"C:\\Users\\Solidus\\.appium\\node_modules\\appium-uiautomator2-driver\\node_modules\\appium-uiautomator2-server\\apks\\appium-uiautomator2-server-v5.12.3.apk","appId":"io.appium.uiautomator2.server"},{"wasSigned":true,"installState":"sameVersionInstalled","appPath":"C:\\Users\\Solidus\\.appium\\node_modules\\appium-uiautomator2-driver\\node_modules\\appium-uiautomator2-server\\apks\\appium-uiautomator2-server-debug-androidTest.apk","appId":"io.appium.uiautomator2.server.test"}]
&amp#27;[38;5;32m[AndroidUiautomator2Driver@6057 (61220bf9)]&amp#27;[0m Server packages are not going to be (re)installed
[debug] &amp#27;[38;5;32m[AndroidUiautomator2Driver@6057 (61220bf9)]&amp#27;[0m Waiting up to 30000ms for services to be available
[debug] &amp#27;[38;5;48m[ADB]&amp#27;[0m Running 'C:\Users\Solidus\AppData\Local\Android\Sdk\platform-tools\adb.exe -P 5037 -s 5210a713529ac445 shell pm list instrumentation'
[debug] &amp#27;[38;5;32m[AndroidUiautomator2Driver@6057 (61220bf9)]&amp#27;[0m Instrumentation target 'io.appium.uiautomator2.server.test/androidx.test.runner.AndroidJUnitRunner' is available
&amp#27;[38;5;48m[ADB]&amp#27;[0m Adding packages ["io.appium.settings","io.appium.uiautomator2.server","io.appium.uiautomator2.server.test"] to Doze whitelist
[debug] &amp#27;[38;5;48m[ADB]&amp#27;[0m Got the following command chunks to execute: [["dumpsys","deviceidle","whitelist","+io.appium.settings",";","dumpsys","deviceidle","whitelist","+io.appium.uiautomator2.server",";","dumpsys","deviceidle","whitelist","+io.appium.uiautomator2.server.test",";"]]
[debug] &amp#27;[38;5;48m[ADB]&amp#27;[0m Running 'C:\Users\Solidus\AppData\Local\Android\Sdk\platform-tools\adb.exe -P 5037 -s 5210a713529ac445 shell dumpsys deviceidle whitelist +io.appium.settings ; dumpsys deviceidle whitelist +io.appium.uiautomator2.server ; dumpsys deviceidle whitelist +io.appium.uiautomator2.server.test ;'
[debug] &amp#27;[38;5;32m[AndroidUiautomator2Driver@6057 (61220bf9)]&amp#27;[0m No app capability. Assuming it is already on the device
[debug] &amp#27;[38;5;48m[ADB]&amp#27;[0m Getting install status for com.sec.android.app.popupcalculator
[debug] &amp#27;[38;5;48m[ADB]&amp#27;[0m Running 'C:\Users\Solidus\AppData\Local\Android\Sdk\platform-tools\adb.exe -P 5037 -s 5210a713529ac445 shell pm path com.sec.android.app.popupcalculator'
[debug] &amp#27;[38;5;48m[ADB]&amp#27;[0m 'com.sec.android.app.popupcalculator' is installed
[debug] &amp#27;[38;5;48m[ADB]&amp#27;[0m Running 'C:\Users\Solidus\AppData\Local\Android\Sdk\platform-tools\adb.exe -P 5037 -s 5210a713529ac445 shell am force-stop com.sec.android.app.popupcalculator'
[debug] &amp#27;[38;5;48m[ADB]&amp#27;[0m Running 'C:\Users\Solidus\AppData\Local\Android\Sdk\platform-tools\adb.exe -P 5037 -s 5210a713529ac445 shell pm clear com.sec.android.app.popupcalculator'
[debug] &amp#27;[38;5;64m[AndroidDriver]&amp#27;[0m Performed fast reset on the installed 'com.sec.android.app.popupcalculator' application (stop and clear)
[debug] &amp#27;[38;5;32m[AndroidUiautomator2Driver@6057 (61220bf9)]&amp#27;[0m Performing shallow cleanup of automation leftovers
[debug] &amp#27;[38;5;32m[AndroidUiautomator2Driver@6057 (61220bf9)]&amp#27;[0m No obsolete sessions have been detected (socket hang up)
[debug] &amp#27;[38;5;48m[ADB]&amp#27;[0m Running 'C:\Users\Solidus\AppData\Local\Android\Sdk\platform-tools\adb.exe -P 5037 -s 5210a713529ac445 shell am force-stop io.appium.uiautomator2.server.test'
&amp#27;[38;5;32m[AndroidUiautomator2Driver@6057 (61220bf9)]&amp#27;[0m Starting UIAutomator2 server 5.12.3
&amp#27;[38;5;32m[AndroidUiautomator2Driver@6057 (61220bf9)]&amp#27;[0m Using UIAutomator2 server from 'C:\Users\Solidus\.appium\node_modules\appium-uiautomator2-driver\node_modules\appium-uiautomator2-server\apks\appium-uiautomator2-server-v5.12.3.apk' and test from 'C:\Users\Solidus\.appium\node_modules\appium-uiautomator2-driver\node_modules\appium-uiautomator2-server\apks\appium-uiautomator2-server-debug-androidTest.apk'
&amp#27;[38;5;32m[AndroidUiautomator2Driver@6057 (61220bf9)]&amp#27;[0m Waiting up to 30000ms for UiAutomator2 to be online...
[debug] &amp#27;[38;5;48m[ADB]&amp#27;[0m Creating ADB subprocess with args: ["-P","5037","-s","5210a713529ac445","shell","am","instrument","-w","-e","disableAnalytics",true,"io.appium.uiautomator2.server.test/androidx.test.runner.AndroidJUnitRunner"]
[debug] &amp#27;[38;5;32m[AndroidUiautomator2Driver@6057 (61220bf9)]&amp#27;[0m Matched '/status' to command name 'getStatus'
[debug] &amp#27;[38;5;32m[AndroidUiautomator2Driver@6057 (61220bf9)]&amp#27;[0m Proxying [GET /status] to [GET http://127.0.0.1:8200/status] with no body
&amp#27;[38;5;32m[AndroidUiautomator2Driver@6057 (61220bf9)]&amp#27;[0m socket hang up
[debug] &amp#27;[38;5;32m[AndroidUiautomator2Driver@6057 (61220bf9)]&amp#27;[0m Matched '/status' to command name 'getStatus'
[debug] &amp#27;[38;5;32m[AndroidUiautomator2Driver@6057 (61220bf9)]&amp#27;[0m Proxying [GET /status] to [GET http://127.0.0.1:8200/status] with no body
&amp#27;[38;5;32m[AndroidUiautomator2Driver@6057 (61220bf9)]&amp#27;[0m socket hang up
[debug] &amp#27;[38;5;32m[AndroidUiautomator2Driver@6057 (61220bf9)]&amp#27;[0m Matched '/status' to command name 'getStatus'
[debug] &amp#27;[38;5;32m[AndroidUiautomator2Driver@6057 (61220bf9)]&amp#27;[0m Proxying [GET /status] to [GET http://127.0.0.1:8200/status] with no body
&amp#27;[38;5;32m[AndroidUiautomator2Driver@6057 (61220bf9)]&amp#27;[0m socket hang up
[debug] &amp#27;[38;5;96m[Instrumentation]&amp#27;[0m io.appium.uiautomator2.server.test.AppiumUiAutomator2Server:
[debug] &amp#27;[38;5;32m[AndroidUiautomator2Driver@6057 (61220bf9)]&amp#27;[0m Matched '/status' to command name 'getStatus'
[debug] &amp#27;[38;5;32m[AndroidUiautomator2Driver@6057 (61220bf9)]&amp#27;[0m Proxying [GET /status] to [GET http://127.0.0.1:8200/status] with no body
&amp#27;[38;5;32m[AndroidUiautomator2Driver@6057 (61220bf9)]&amp#27;[0m socket hang up
[debug] &amp#27;[38;5;32m[AndroidUiautomator2Driver@6057 (61220bf9)]&amp#27;[0m Matched '/status' to command name 'getStatus'
[debug] &amp#27;[38;5;32m[AndroidUiautomator2Driver@6057 (61220bf9)]&amp#27;[0m Proxying [GET /status] to [GET http://127.0.0.1:8200/status] with no body
&amp#27;[38;5;32m[AndroidUiautomator2Driver@6057 (61220bf9)]&amp#27;[0m socket hang up
[debug] &amp#27;[38;5;32m[AndroidUiautomator2Driver@6057 (61220bf9)]&amp#27;[0m Matched '/status' to command name 'getStatus'
[debug] &amp#27;[38;5;32m[AndroidUiautomator2Driver@6057 (61220bf9)]&amp#27;[0m Proxying [GET /status] to [GET http://127.0.0.1:8200/status] with no body
[debug] &amp#27;[38;5;32m[AndroidUiautomator2Driver@6057 (61220bf9)]&amp#27;[0m Got response with status 200: {"sessionId":"None","value":{"message":"UiAutomator2 Server is ready to accept commands","ready":true}}
[debug] &amp#27;[38;5;32m[AndroidUiautomator2Driver@6057 (61220bf9)]&amp#27;[0m The initialization of the instrumentation process took 5598ms
[debug] &amp#27;[38;5;32m[AndroidUiautomator2Driver@6057 (61220bf9)]&amp#27;[0m Matched '/session' to command name 'createSession'
[debug] &amp#27;[38;5;32m[AndroidUiautomator2Driver@6057 (61220bf9)]&amp#27;[0m Proxying [POST /session] to [POST http://127.0.0.1:8200/session] with body: {"capabilities":{"firstMatch":[{"platform":"LINUX","webStorageEnabled":false,"takesScreenshot":true,"javascriptEnabled":true,"databaseEnabled":false,"networkConnectionEnabled":true,"locationContextEnabled":false,"warnings":{},"desired":{"platformName":"ANDROID","appActivity":".Calculator","appPackage":"com.sec.android.app.popupcalculator","automationName":"UiAutomator2","reportDirectory":"reports","reportFormat":"xml","testName":"example","udid":"5210a713529ac445"},"platformName":"ANDROID","appActivity":".Calculator","appPackage":"com.sec.android.app.popupcalculator","automationName":"UiAutomator2","reportDirectory":"reports","reportFormat":"xml","testName":"example","udid":"5210a713529ac445","deviceName":"5210a713529ac445","deviceUDID":"5210a713529ac445"}],"alwaysMatch":{}}}
[debug] &amp#27;[38;5;32m[AndroidUiautomator2Driver@6057 (61220bf9)]&amp#27;[0m Got response with status 200: {"sessionId":"88460a79-b517-4ee8-8680-a35e38e4ef96","value":{"capabilities":{"firstMatch":[{"platform":"LINUX","webStorageEnabled":false,"takesScreenshot":true,"javascriptEnabled":true,"databaseEnabled":false,"networkConnectionEnabled":true,"locationContextEnabled":false,"warnings":{},"desired":{"platformName":"ANDROID","appActivity":".Calculator","appPackage":"com.sec.android.app.popupcalculator","automationName":"UiAutomator2","reportDirectory":"reports","reportFormat":"xml","testName":"example","udid":"5210a713529ac445"},"platformName":"ANDROID","appActivity":".Calculator","appPackage":"com.sec.android.app.popupcalculator","automationName":"UiAutomator2","reportDirectory":"reports","reportFormat":"xml","testName":"example","udid":"5210a713529ac445","deviceName":"5210a713529ac445","deviceUDID":"5210a713529ac445"}],"alwaysMatch":{}},"sessionId":"88460a79-b517-4ee8-8680-a35e38e4ef96"}}
&amp#27;[38;5;32m[AndroidUiautomator2Driver@6057 (61220bf9)]&amp#27;[0m Determined the downstream protocol as 'W3C'
[debug] &amp#27;[38;5;32m[AndroidUiautomator2Driver@6057 (61220bf9)]&amp#27;[0m Proxying [GET /appium/device/info] to [GET http://127.0.0.1:8200/session/88460a79-b517-4ee8-8680-a35e38e4ef96/appium/device/info] with no body
[debug] &amp#27;[38;5;32m[AndroidUiautomator2Driver@6057 (61220bf9)]&amp#27;[0m Got response with status 200: {"sessionId":"88460a79-b517-4ee8-8680-a35e38e4ef96","value":{"androidId":"aa5cf6936353708c","apiVersion":"27","bluetooth":{"state":"OFF"},"brand":"samsung","carrierName":"Personal","displayDensity":480,"locale":"es_ES","manufacturer":"samsung","model":"SM-G610M","networks":[{"capabilities":{"SSID":null,"linkDownBandwidthKbps":1048576,"linkUpstreamBandwidthKbps":1048576,"networkCapabilities":"NET_CAPABILITY_WIFI_P2P,NET_CAPABILITY_NOT_RESTRICTED,NET_CAPABILITY_TRUSTED,NET_CAPABILITY_NOT_VPN","signalStrength":-2147483648,"transportTypes":"TRANSPORT_WIFI"},"detailedState":"IDLE","extraInfo":null,"isAvailable":true,"isConnected":false,"isFailover":false,"isRoaming":false,"state":"UNKNOWN","subtype":0,"subtypeName":"","type":13,"typeName":"WIFI_P2P"},{"capabilities":{"SSID":null,"linkDownBandwidthKbps":1048576,"linkUpstreamBandwidthKbps":1048576,"networkCapabilities":"NET_CAPABILITY_NOT_METERED,NET_CAPABILITY_INTERNET,NET_CAPABILITY_NOT_RESTRICTED,NET_CAPABILITY_TRUSTED,NET_CAPABILITY_NOT_VPN,NET_CAPABILITY_VAL...
[debug] &amp#27;[38;5;48m[ADB]&amp#27;[0m Running 'C:\Users\Solidus\AppData\Local\Android\Sdk\platform-tools\adb.exe -P 5037 -s 5210a713529ac445 shell dumpsys window'
&amp#27;[38;5;64m[AndroidDriver]&amp#27;[0m Screen already unlocked, doing nothing
&amp#27;[38;5;32m[AndroidUiautomator2Driver@6057 (61220bf9)]&amp#27;[0m Starting 'com.sec.android.app.popupcalculator/.Calculator and waiting for 'com.sec.android.app.popupcalculator/.Calculator'
[debug] &amp#27;[38;5;48m[ADB]&amp#27;[0m Running 'C:\Users\Solidus\AppData\Local\Android\Sdk\platform-tools\adb.exe -P 5037 -s 5210a713529ac445 shell am start -W -n com.sec.android.app.popupcalculator/.Calculator -S -a android.intent.action.MAIN -c android.intent.category.LAUNCHER -f 0x10200000'
[debug] &amp#27;[38;5;32m[AndroidUiautomator2Driver@6057 (61220bf9)]&amp#27;[0m Proxying [GET /appium/device/pixel_ratio] to [GET http://127.0.0.1:8200/session/88460a79-b517-4ee8-8680-a35e38e4ef96/appium/device/pixel_ratio] with no body
[debug] &amp#27;[38;5;32m[AndroidUiautomator2Driver@6057 (61220bf9)]&amp#27;[0m Got response with status 200: {"sessionId":"88460a79-b517-4ee8-8680-a35e38e4ef96","value":3}
[debug] &amp#27;[38;5;32m[AndroidUiautomator2Driver@6057 (61220bf9)]&amp#27;[0m Matched '/appium/device/system_bars' to command name 'getSystemBars'
[debug] &amp#27;[38;5;32m[AndroidUiautomator2Driver@6057 (61220bf9)]&amp#27;[0m Proxying [GET /appium/device/system_bars] to [GET http://127.0.0.1:8200/session/88460a79-b517-4ee8-8680-a35e38e4ef96/appium/device/system_bars] with no body
[debug] &amp#27;[38;5;32m[AndroidUiautomator2Driver@6057 (61220bf9)]&amp#27;[0m Got response with status 200: {"sessionId":"88460a79-b517-4ee8-8680-a35e38e4ef96","value":{"statusBar":72}}
[debug] &amp#27;[38;5;32m[AndroidUiautomator2Driver@6057 (61220bf9)]&amp#27;[0m Matched '/window/current/size' to command name 'getWindowSize'
[debug] &amp#27;[38;5;32m[AndroidUiautomator2Driver@6057 (61220bf9)]&amp#27;[0m Proxying [GET /window/current/size] to [GET http://127.0.0.1:8200/session/88460a79-b517-4ee8-8680-a35e38e4ef96/window/current/size] with no body
[debug] &amp#27;[38;5;32m[AndroidUiautomator2Driver@6057 (61220bf9)]&amp#27;[0m Got response with status 200: {"sessionId":"88460a79-b517-4ee8-8680-a35e38e4ef96","value":{"height":1920,"width":1080}}
&amp#27;[38;5;16m[AppiumDriver@7c90]&amp#27;[0m New AndroidUiautomator2Driver session created successfully, session 61220bf9-4c83-49f4-8ef5-936354755a00 added to master session list
[debug] &amp#27;[38;5;16m[AppiumDriver@7c90]&amp#27;[0m Event 'newSessionStarted' logged at 1693419847181 (15:24:07 GMT-0300 (hora estÃ¡ndar de Argentina))
[debug] &amp#27;[38;5;32m[AndroidUiautomator2Driver@6057 (61220bf9)]&amp#27;[0m Cached the protocol value 'W3C' for the new session 61220bf9-4c83-49f4-8ef5-936354755a00
[debug] &amp#27;[38;5;32m[AndroidUiautomator2Driver@6057 (61220bf9)]&amp#27;[0m Responding to client with driver.createSession() result: {"capabilities":{"platform":"LINUX","webStorageEnabled":false,"takesScreenshot":true,"javascriptEnabled":true,"databaseEnabled":false,"networkConnectionEnabled":true,"locationContextEnabled":false,"warnings":{},"desired":{"platformName":"ANDROID","appActivity":".Calculator","appPackage":"com.sec.android.app.popupcalculator","automationName":"UiAutomator2","reportDirectory":"reports","reportFormat":"xml","testName":"example","udid":"5210a713529ac445"},"platformName":"ANDROID","appActivity":".Calculator","appPackage":"com.sec.android.app.popupcalculator","automationName":"UiAutomator2","reportDirectory":"reports","reportFormat":"xml","testName":"example","udid":"5210a713529ac445","deviceName":"5210a713529ac445","deviceUDID":"5210a713529ac445","deviceApiLevel":27,"platformVersion":"8.1.0","deviceScreenSize":"1080x1920","deviceScreenDensity":480,"deviceModel":"SM-G610M","deviceManufacturer":"samsung","pixelRatio":3,"statBarHeight":72,"viewportRect":{"left":0,"top":72,"width":1080,"height":1848}}}
&amp#27;[38;5;0m[HTTP]&amp#27;[0m &amp#27;[37m<-- POST /session &amp#27;[39m&amp#27;[32m200&amp#27;[39m &amp#27;[90m14522 ms - 1068&amp#27;[39m
&amp#27;[38;5;0m[HTTP]&amp#27;[0m &amp#27;[90m&amp#27;[39m
&amp#27;[38;5;0m[HTTP]&amp#27;[0m &amp#27;[37m-->&amp#27;[39m &amp#27;[37mPOST&amp#27;[39m &amp#27;[37m/session/61220bf9-4c83-49f4-8ef5-936354755a00/element&amp#27;[39m
&amp#27;[38;5;0m[HTTP]&amp#27;[0m &amp#27;[90m{"using":"xpath","value":"//android.widget.Button[@resource-id='com.sec.android.app.popupcalculator:id/bt_02']"}&amp#27;[39m
[debug] &amp#27;[38;5;32m[AndroidUiautomator2Driver@6057 (61220bf9)]&amp#27;[0m Calling AppiumDriver.findElement() with args: ["xpath","//android.widget.Button[@resource-id='com.sec.android.app.popupcalculator:id/bt_02']","61220bf9-4c83-49f4-8ef5-936354755a00"]
[debug] &amp#27;[38;5;32m[AndroidUiautomator2Driver@6057 (61220bf9)]&amp#27;[0m Valid locator strategies for this request: xpath, id, class name, accessibility id, css selector, -android uiautomator
[debug] &amp#27;[38;5;32m[AndroidUiautomator2Driver@6057 (61220bf9)]&amp#27;[0m Waiting up to 0 ms for condition
[debug] &amp#27;[38;5;32m[AndroidUiautomator2Driver@6057 (61220bf9)]&amp#27;[0m Matched '/element' to command name 'findElement'
[debug] &amp#27;[38;5;32m[AndroidUiautomator2Driver@6057 (61220bf9)]&amp#27;[0m Proxying [POST /element] to [POST http://127.0.0.1:8200/session/88460a79-b517-4ee8-8680-a35e38e4ef96/element] with body: {"strategy":"xpath","selector":"//android.widget.Button[@resource-id='com.sec.android.app.popupcalculator:id/bt_02']","context":"","multiple":false}
[debug] &amp#27;[38;5;32m[AndroidUiautomator2Driver@6057 (61220bf9)]&amp#27;[0m Got response with status 200: {"sessionId":"88460a79-b517-4ee8-8680-a35e38e4ef96","value":{"ELEMENT":"00000000-0000-00de-ffff-ffff00000021","element-6066-11e4-a52e-4f735466cecf":"00000000-0000-00de-ffff-ffff00000021"}}
[debug] &amp#27;[38;5;32m[AndroidUiautomator2Driver@6057 (61220bf9)]&amp#27;[0m Responding to client with driver.findElement() result: {"element-6066-11e4-a52e-4f735466cecf":"00000000-0000-00de-ffff-ffff00000021","ELEMENT":"00000000-0000-00de-ffff-ffff00000021"}
&amp#27;[38;5;0m[HTTP]&amp#27;[0m &amp#27;[37m<-- POST /session/61220bf9-4c83-49f4-8ef5-936354755a00/element &amp#27;[39m&amp#27;[32m200&amp#27;[39m &amp#27;[90m1861 ms - 137&amp#27;[39m
&amp#27;[38;5;0m[HTTP]&amp#27;[0m &amp#27;[90m&amp#27;[39m
&amp#27;[38;5;0m[HTTP]&amp#27;[0m &amp#27;[37m-->&amp#27;[39m &amp#27;[37mPOST&amp#27;[39m &amp#27;[37m/session/61220bf9-4c83-49f4-8ef5-936354755a00/element/00000000-0000-00de-ffff-ffff00000021/click&amp#27;[39m
&amp#27;[38;5;0m[HTTP]&amp#27;[0m &amp#27;[90m{"id":"00000000-0000-00de-ffff-ffff00000021"}&amp#27;[39m
[debug] &amp#27;[38;5;32m[AndroidUiautomator2Driver@6057 (61220bf9)]&amp#27;[0m Calling AppiumDriver.click() with args: ["00000000-0000-00de-ffff-ffff00000021","61220bf9-4c83-49f4-8ef5-936354755a00"]
[debug] &amp#27;[38;5;32m[AndroidUiautomator2Driver@6057 (61220bf9)]&amp#27;[0m Matched '/element/00000000-0000-00de-ffff-ffff00000021/click' to command name 'click'
[debug] &amp#27;[38;5;32m[AndroidUiautomator2Driver@6057 (61220bf9)]&amp#27;[0m Proxying [POST /element/00000000-0000-00de-ffff-ffff00000021/click] to [POST http://127.0.0.1:8200/session/88460a79-b517-4ee8-8680-a35e38e4ef96/element/00000000-0000-00de-ffff-ffff00000021/click] with body: {"element":"00000000-0000-00de-ffff-ffff00000021"}
[debug] &amp#27;[38;5;32m[AndroidUiautomator2Driver@6057 (61220bf9)]&amp#27;[0m Got response with status 200: {"sessionId":"88460a79-b517-4ee8-8680-a35e38e4ef96","value":null}
[debug] &amp#27;[38;5;32m[AndroidUiautomator2Driver@6057 (61220bf9)]&amp#27;[0m Responding to client with driver.click() result: null
&amp#27;[38;5;0m[HTTP]&amp#27;[0m &amp#27;[37m<-- POST /session/61220bf9-4c83-49f4-8ef5-936354755a00/element/00000000-0000-00de-ffff-ffff00000021/click &amp#27;[39m&amp#27;[32m200&amp#27;[39m &amp#27;[90m100 ms - 14&amp#27;[39m
&amp#27;[38;5;0m[HTTP]&amp#27;[0m &amp#27;[90m&amp#27;[39m
&amp#27;[38;5;0m[HTTP]&amp#27;[0m &amp#27;[37m-->&amp#27;[39m &amp#27;[37mPOST&amp#27;[39m &amp#27;[37m/session/61220bf9-4c83-49f4-8ef5-936354755a00/element&amp#27;[39m
&amp#27;[38;5;0m[HTTP]&amp#27;[0m &amp#27;[90m{"using":"xpath","value":"//android.widget.Button[@resource-id='com.sec.android.app.popupcalculator:id/bt_mul']"}&amp#27;[39m
[debug] &amp#27;[38;5;32m[AndroidUiautomator2Driver@6057 (61220bf9)]&amp#27;[0m Calling AppiumDriver.findElement() with args: ["xpath","//android.widget.Button[@resource-id='com.sec.android.app.popupcalculator:id/bt_mul']","61220bf9-4c83-49f4-8ef5-936354755a00"]
[debug] &amp#27;[38;5;32m[AndroidUiautomator2Driver@6057 (61220bf9)]&amp#27;[0m Valid locator strategies for this request: xpath, id, class name, accessibility id, css selector, -android uiautomator
[debug] &amp#27;[38;5;32m[AndroidUiautomator2Driver@6057 (61220bf9)]&amp#27;[0m Waiting up to 0 ms for condition
[debug] &amp#27;[38;5;32m[AndroidUiautomator2Driver@6057 (61220bf9)]&amp#27;[0m Matched '/element' to command name 'findElement'
[debug] &amp#27;[38;5;32m[AndroidUiautomator2Driver@6057 (61220bf9)]&amp#27;[0m Proxying [POST /element] to [POST http://127.0.0.1:8200/session/88460a79-b517-4ee8-8680-a35e38e4ef96/element] with body: {"strategy":"xpath","selector":"//android.widget.Button[@resource-id='com.sec.android.app.popupcalculator:id/bt_mul']","context":"","multiple":false}
[debug] &amp#27;[38;5;32m[AndroidUiautomator2Driver@6057 (61220bf9)]&amp#27;[0m Got response with status 200: {"sessionId":"88460a79-b517-4ee8-8680-a35e38e4ef96","value":{"ELEMENT":"00000000-0000-00de-ffff-ffff0000001b","element-6066-11e4-a52e-4f735466cecf":"00000000-0000-00de-ffff-ffff0000001b"}}
[debug] &amp#27;[38;5;32m[AndroidUiautomator2Driver@6057 (61220bf9)]&amp#27;[0m Responding to client with driver.findElement() result: {"element-6066-11e4-a52e-4f735466cecf":"00000000-0000-00de-ffff-ffff0000001b","ELEMENT":"00000000-0000-00de-ffff-ffff0000001b"}
&amp#27;[38;5;0m[HTTP]&amp#27;[0m &amp#27;[37m<-- POST /session/61220bf9-4c83-49f4-8ef5-936354755a00/element &amp#27;[39m&amp#27;[32m200&amp#27;[39m &amp#27;[90m949 ms - 137&amp#27;[39m
&amp#27;[38;5;0m[HTTP]&amp#27;[0m &amp#27;[90m&amp#27;[39m
&amp#27;[38;5;0m[HTTP]&amp#27;[0m &amp#27;[37m-->&amp#27;[39m &amp#27;[37mPOST&amp#27;[39m &amp#27;[37m/session/61220bf9-4c83-49f4-8ef5-936354755a00/element/00000000-0000-00de-ffff-ffff0000001b/click&amp#27;[39m
&amp#27;[38;5;0m[HTTP]&amp#27;[0m &amp#27;[90m{"id":"00000000-0000-00de-ffff-ffff0000001b"}&amp#27;[39m
[debug] &amp#27;[38;5;32m[AndroidUiautomator2Driver@6057 (61220bf9)]&amp#27;[0m Calling AppiumDriver.click() with args: ["00000000-0000-00de-ffff-ffff0000001b","61220bf9-4c83-49f4-8ef5-936354755a00"]
[debug] &amp#27;[38;5;32m[AndroidUiautomator2Driver@6057 (61220bf9)]&amp#27;[0m Matched '/element/00000000-0000-00de-ffff-ffff0000001b/click' to command name 'click'
[debug] &amp#27;[38;5;32m[AndroidUiautomator2Driver@6057 (61220bf9)]&amp#27;[0m Proxying [POST /element/00000000-0000-00de-ffff-ffff0000001b/click] to [POST http://127.0.0.1:8200/session/88460a79-b517-4ee8-8680-a35e38e4ef96/element/00000000-0000-00de-ffff-ffff0000001b/click] with body: {"element":"00000000-0000-00de-ffff-ffff0000001b"}
[debug] &amp#27;[38;5;32m[AndroidUiautomator2Driver@6057 (61220bf9)]&amp#27;[0m Got response with status 200: {"sessionId":"88460a79-b517-4ee8-8680-a35e38e4ef96","value":null}
[debug] &amp#27;[38;5;32m[AndroidUiautomator2Driver@6057 (61220bf9)]&amp#27;[0m Responding to client with driver.click() result: null
&amp#27;[38;5;0m[HTTP]&amp#27;[0m &amp#27;[37m<-- POST /session/61220bf9-4c83-49f4-8ef5-936354755a00/element/00000000-0000-00de-ffff-ffff0000001b/click &amp#27;[39m&amp#27;[32m200&amp#27;[39m &amp#27;[90m90 ms - 14&amp#27;[39m
&amp#27;[38;5;0m[HTTP]&amp#27;[0m &amp#27;[90m&amp#27;[39m
&amp#27;[38;5;0m[HTTP]&amp#27;[0m &amp#27;[37m-->&amp#27;[39m &amp#27;[37mPOST&amp#27;[39m &amp#27;[37m/session/61220bf9-4c83-49f4-8ef5-936354755a00/element&amp#27;[39m
&amp#27;[38;5;0m[HTTP]&amp#27;[0m &amp#27;[90m{"using":"xpath","value":"//android.widget.Button[@resource-id='com.sec.android.app.popupcalculator:id/bt_02']"}&amp#27;[39m
[debug] &amp#27;[38;5;32m[AndroidUiautomator2Driver@6057 (61220bf9)]&amp#27;[0m Calling AppiumDriver.findElement() with args: ["xpath","//android.widget.Button[@resource-id='com.sec.android.app.popupcalculator:id/bt_02']","61220bf9-4c83-49f4-8ef5-936354755a00"]
[debug] &amp#27;[38;5;32m[AndroidUiautomator2Driver@6057 (61220bf9)]&amp#27;[0m Valid locator strategies for this request: xpath, id, class name, accessibility id, css selector, -android uiautomator
[debug] &amp#27;[38;5;32m[AndroidUiautomator2Driver@6057 (61220bf9)]&amp#27;[0m Waiting up to 0 ms for condition
[debug] &amp#27;[38;5;32m[AndroidUiautomator2Driver@6057 (61220bf9)]&amp#27;[0m Matched '/element' to command name 'findElement'
[debug] &amp#27;[38;5;32m[AndroidUiautomator2Driver@6057 (61220bf9)]&amp#27;[0m Proxying [POST /element] to [POST http://127.0.0.1:8200/session/88460a79-b517-4ee8-8680-a35e38e4ef96/element] with body: {"strategy":"xpath","selector":"//android.widget.Button[@resource-id='com.sec.android.app.popupcalculator:id/bt_02']","context":"","multiple":false}
[debug] &amp#27;[38;5;32m[AndroidUiautomator2Driver@6057 (61220bf9)]&amp#27;[0m Got response with status 200: {"sessionId":"88460a79-b517-4ee8-8680-a35e38e4ef96","value":{"ELEMENT":"00000000-0000-00de-ffff-ffff00000021","element-6066-11e4-a52e-4f735466cecf":"00000000-0000-00de-ffff-ffff00000021"}}
[debug] &amp#27;[38;5;32m[AndroidUiautomator2Driver@6057 (61220bf9)]&amp#27;[0m Responding to client with driver.findElement() result: {"element-6066-11e4-a52e-4f735466cecf":"00000000-0000-00de-ffff-ffff00000021","ELEMENT":"00000000-0000-00de-ffff-ffff00000021"}
&amp#27;[38;5;0m[HTTP]&amp#27;[0m &amp#27;[37m<-- POST /session/61220bf9-4c83-49f4-8ef5-936354755a00/element &amp#27;[39m&amp#27;[32m200&amp#27;[39m &amp#27;[90m918 ms - 137&amp#27;[39m
&amp#27;[38;5;0m[HTTP]&amp#27;[0m &amp#27;[90m&amp#27;[39m
&amp#27;[38;5;0m[HTTP]&amp#27;[0m &amp#27;[37m-->&amp#27;[39m &amp#27;[37mPOST&amp#27;[39m &amp#27;[37m/session/61220bf9-4c83-49f4-8ef5-936354755a00/element/00000000-0000-00de-ffff-ffff00000021/click&amp#27;[39m
&amp#27;[38;5;0m[HTTP]&amp#27;[0m &amp#27;[90m{"id":"00000000-0000-00de-ffff-ffff00000021"}&amp#27;[39m
[debug] &amp#27;[38;5;32m[AndroidUiautomator2Driver@6057 (61220bf9)]&amp#27;[0m Calling AppiumDriver.click() with args: ["00000000-0000-00de-ffff-ffff00000021","61220bf9-4c83-49f4-8ef5-936354755a00"]
[debug] &amp#27;[38;5;32m[AndroidUiautomator2Driver@6057 (61220bf9)]&amp#27;[0m Matched '/element/00000000-0000-00de-ffff-ffff00000021/click' to command name 'click'
[debug] &amp#27;[38;5;32m[AndroidUiautomator2Driver@6057 (61220bf9)]&amp#27;[0m Proxying [POST /element/00000000-0000-00de-ffff-ffff00000021/click] to [POST http://127.0.0.1:8200/session/88460a79-b517-4ee8-8680-a35e38e4ef96/element/00000000-0000-00de-ffff-ffff00000021/click] with body: {"element":"00000000-0000-00de-ffff-ffff00000021"}
[debug] &amp#27;[38;5;32m[AndroidUiautomator2Driver@6057 (61220bf9)]&amp#27;[0m Got response with status 200: {"sessionId":"88460a79-b517-4ee8-8680-a35e38e4ef96","value":null}
[debug] &amp#27;[38;5;32m[AndroidUiautomator2Driver@6057 (61220bf9)]&amp#27;[0m Responding to client with driver.click() result: null
&amp#27;[38;5;0m[HTTP]&amp#27;[0m &amp#27;[37m<-- POST /session/61220bf9-4c83-49f4-8ef5-936354755a00/element/00000000-0000-00de-ffff-ffff00000021/click &amp#27;[39m&amp#27;[32m200&amp#27;[39m &amp#27;[90m63 ms - 14&amp#27;[39m
&amp#27;[38;5;0m[HTTP]&amp#27;[0m &amp#27;[90m&amp#27;[39m
&amp#27;[38;5;0m[HTTP]&amp#27;[0m &amp#27;[37m-->&amp#27;[39m &amp#27;[37mPOST&amp#27;[39m &amp#27;[37m/session/61220bf9-4c83-49f4-8ef5-936354755a00/element&amp#27;[39m
&amp#27;[38;5;0m[HTTP]&amp#27;[0m &amp#27;[90m{"using":"xpath","value":"//android.widget.Button[@resource-id='com.sec.android.app.popupcalculator:id/bt_div']"}&amp#27;[39m
[debug] &amp#27;[38;5;32m[AndroidUiautomator2Driver@6057 (61220bf9)]&amp#27;[0m Calling AppiumDriver.findElement() with args: ["xpath","//android.widget.Button[@resource-id='com.sec.android.app.popupcalculator:id/bt_div']","61220bf9-4c83-49f4-8ef5-936354755a00"]
[debug] &amp#27;[38;5;32m[AndroidUiautomator2Driver@6057 (61220bf9)]&amp#27;[0m Valid locator strategies for this request: xpath, id, class name, accessibility id, css selector, -android uiautomator
[debug] &amp#27;[38;5;32m[AndroidUiautomator2Driver@6057 (61220bf9)]&amp#27;[0m Waiting up to 0 ms for condition
[debug] &amp#27;[38;5;32m[AndroidUiautomator2Driver@6057 (61220bf9)]&amp#27;[0m Matched '/element' to command name 'findElement'
[debug] &amp#27;[38;5;32m[AndroidUiautomator2Driver@6057 (61220bf9)]&amp#27;[0m Proxying [POST /element] to [POST http://127.0.0.1:8200/session/88460a79-b517-4ee8-8680-a35e38e4ef96/element] with body: {"strategy":"xpath","selector":"//android.widget.Button[@resource-id='com.sec.android.app.popupcalculator:id/bt_div']","context":"","multiple":false}
[debug] &amp#27;[38;5;32m[AndroidUiautomator2Driver@6057 (61220bf9)]&amp#27;[0m Got response with status 200: {"sessionId":"88460a79-b517-4ee8-8680-a35e38e4ef96","value":{"ELEMENT":"00000000-0000-00de-ffff-ffff00000017","element-6066-11e4-a52e-4f735466cecf":"00000000-0000-00de-ffff-ffff00000017"}}
[debug] &amp#27;[38;5;32m[AndroidUiautomator2Driver@6057 (61220bf9)]&amp#27;[0m Responding to client with driver.findElement() result: {"element-6066-11e4-a52e-4f735466cecf":"00000000-0000-00de-ffff-ffff00000017","ELEMENT":"00000000-0000-00de-ffff-ffff00000017"}
&amp#27;[38;5;0m[HTTP]&amp#27;[0m &amp#27;[37m<-- POST /session/61220bf9-4c83-49f4-8ef5-936354755a00/element &amp#27;[39m&amp#27;[32m200&amp#27;[39m &amp#27;[90m857 ms - 137&amp#27;[39m
&amp#27;[38;5;0m[HTTP]&amp#27;[0m &amp#27;[90m&amp#27;[39m
&amp#27;[38;5;0m[HTTP]&amp#27;[0m &amp#27;[37m-->&amp#27;[39m &amp#27;[37mPOST&amp#27;[39m &amp#27;[37m/session/61220bf9-4c83-49f4-8ef5-936354755a00/element/00000000-0000-00de-ffff-ffff00000017/click&amp#27;[39m
&amp#27;[38;5;0m[HTTP]&amp#27;[0m &amp#27;[90m{"id":"00000000-0000-00de-ffff-ffff00000017"}&amp#27;[39m
[debug] &amp#27;[38;5;32m[AndroidUiautomator2Driver@6057 (61220bf9)]&amp#27;[0m Calling AppiumDriver.click() with args: ["00000000-0000-00de-ffff-ffff00000017","61220bf9-4c83-49f4-8ef5-936354755a00"]
[debug] &amp#27;[38;5;32m[AndroidUiautomator2Driver@6057 (61220bf9)]&amp#27;[0m Matched '/element/00000000-0000-00de-ffff-ffff00000017/click' to command name 'click'
[debug] &amp#27;[38;5;32m[AndroidUiautomator2Driver@6057 (61220bf9)]&amp#27;[0m Proxying [POST /element/00000000-0000-00de-ffff-ffff00000017/click] to [POST http://127.0.0.1:8200/session/88460a79-b517-4ee8-8680-a35e38e4ef96/element/00000000-0000-00de-ffff-ffff00000017/click] with body: {"element":"00000000-0000-00de-ffff-ffff00000017"}
[debug] &amp#27;[38;5;32m[AndroidUiautomator2Driver@6057 (61220bf9)]&amp#27;[0m Got response with status 200: {"sessionId":"88460a79-b517-4ee8-8680-a35e38e4ef96","value":null}
[debug] &amp#27;[38;5;32m[AndroidUiautomator2Driver@6057 (61220bf9)]&amp#27;[0m Responding to client with driver.click() result: null
&amp#27;[38;5;0m[HTTP]&amp#27;[0m &amp#27;[37m<-- POST /session/61220bf9-4c83-49f4-8ef5-936354755a00/element/00000000-0000-00de-ffff-ffff00000017/click &amp#27;[39m&amp#27;[32m200&amp#27;[39m &amp#27;[90m86 ms - 14&amp#27;[39m
&amp#27;[38;5;0m[HTTP]&amp#27;[0m &amp#27;[90m&amp#27;[39m
&amp#27;[38;5;0m[HTTP]&amp#27;[0m &amp#27;[37m-->&amp#27;[39m &amp#27;[37mPOST&amp#27;[39m &amp#27;[37m/session/61220bf9-4c83-49f4-8ef5-936354755a00/element&amp#27;[39m
&amp#27;[38;5;0m[HTTP]&amp#27;[0m &amp#27;[90m{"using":"xpath","value":"//android.widget.Button[@resource-id='com.sec.android.app.popupcalculator:id/bt_02']"}&amp#27;[39m
[debug] &amp#27;[38;5;32m[AndroidUiautomator2Driver@6057 (61220bf9)]&amp#27;[0m Calling AppiumDriver.findElement() with args: ["xpath","//android.widget.Button[@resource-id='com.sec.android.app.popupcalculator:id/bt_02']","61220bf9-4c83-49f4-8ef5-936354755a00"]
[debug] &amp#27;[38;5;32m[AndroidUiautomator2Driver@6057 (61220bf9)]&amp#27;[0m Valid locator strategies for this request: xpath, id, class name, accessibility id, css selector, -android uiautomator
[debug] &amp#27;[38;5;32m[AndroidUiautomator2Driver@6057 (61220bf9)]&amp#27;[0m Waiting up to 0 ms for condition
[debug] &amp#27;[38;5;32m[AndroidUiautomator2Driver@6057 (61220bf9)]&amp#27;[0m Matched '/element' to command name 'findElement'
[debug] &amp#27;[38;5;32m[AndroidUiautomator2Driver@6057 (61220bf9)]&amp#27;[0m Proxying [POST /element] to [POST http://127.0.0.1:8200/session/88460a79-b517-4ee8-8680-a35e38e4ef96/element] with body: {"strategy":"xpath","selector":"//android.widget.Button[@resource-id='com.sec.android.app.popupcalculator:id/bt_02']","context":"","multiple":false}
[debug] &amp#27;[38;5;32m[AndroidUiautomator2Driver@6057 (61220bf9)]&amp#27;[0m Got response with status 200: {"sessionId":"88460a79-b517-4ee8-8680-a35e38e4ef96","value":{"ELEMENT":"00000000-0000-00de-ffff-ffff00000021","element-6066-11e4-a52e-4f735466cecf":"00000000-0000-00de-ffff-ffff00000021"}}
[debug] &amp#27;[38;5;32m[AndroidUiautomator2Driver@6057 (61220bf9)]&amp#27;[0m Responding to client with driver.findElement() result: {"element-6066-11e4-a52e-4f735466cecf":"00000000-0000-00de-ffff-ffff00000021","ELEMENT":"00000000-0000-00de-ffff-ffff00000021"}
&amp#27;[38;5;0m[HTTP]&amp#27;[0m &amp#27;[37m<-- POST /session/61220bf9-4c83-49f4-8ef5-936354755a00/element &amp#27;[39m&amp#27;[32m200&amp#27;[39m &amp#27;[90m836 ms - 137&amp#27;[39m
&amp#27;[38;5;0m[HTTP]&amp#27;[0m &amp#27;[90m&amp#27;[39m
&amp#27;[38;5;0m[HTTP]&amp#27;[0m &amp#27;[37m-->&amp#27;[39m &amp#27;[37mPOST&amp#27;[39m &amp#27;[37m/session/61220bf9-4c83-49f4-8ef5-936354755a00/element/00000000-0000-00de-ffff-ffff00000021/click&amp#27;[39m
&amp#27;[38;5;0m[HTTP]&amp#27;[0m &amp#27;[90m{"id":"00000000-0000-00de-ffff-ffff00000021"}&amp#27;[39m
[debug] &amp#27;[38;5;32m[AndroidUiautomator2Driver@6057 (61220bf9)]&amp#27;[0m Calling AppiumDriver.click() with args: ["00000000-0000-00de-ffff-ffff00000021","61220bf9-4c83-49f4-8ef5-936354755a00"]
[debug] &amp#27;[38;5;32m[AndroidUiautomator2Driver@6057 (61220bf9)]&amp#27;[0m Matched '/element/00000000-0000-00de-ffff-ffff00000021/click' to command name 'click'
[debug] &amp#27;[38;5;32m[AndroidUiautomator2Driver@6057 (61220bf9)]&amp#27;[0m Proxying [POST /element/00000000-0000-00de-ffff-ffff00000021/click] to [POST http://127.0.0.1:8200/session/88460a79-b517-4ee8-8680-a35e38e4ef96/element/00000000-0000-00de-ffff-ffff00000021/click] with body: {"element":"00000000-0000-00de-ffff-ffff00000021"}
[debug] &amp#27;[38;5;32m[AndroidUiautomator2Driver@6057 (61220bf9)]&amp#27;[0m Got response with status 200: {"sessionId":"88460a79-b517-4ee8-8680-a35e38e4ef96","value":null}
[debug] &amp#27;[38;5;32m[AndroidUiautomator2Driver@6057 (61220bf9)]&amp#27;[0m Responding to client with driver.click() result: null
&amp#27;[38;5;0m[HTTP]&amp#27;[0m &amp#27;[37m<-- POST /session/61220bf9-4c83-49f4-8ef5-936354755a00/element/00000000-0000-00de-ffff-ffff00000021/click &amp#27;[39m&amp#27;[32m200&amp#27;[39m &amp#27;[90m44 ms - 14&amp#27;[39m
&amp#27;[38;5;0m[HTTP]&amp#27;[0m &amp#27;[90m&amp#27;[39m
&amp#27;[38;5;0m[HTTP]&amp#27;[0m &amp#27;[37m-->&amp#27;[39m &amp#27;[37mPOST&amp#27;[39m &amp#27;[37m/session/61220bf9-4c83-49f4-8ef5-936354755a00/element&amp#27;[39m
&amp#27;[38;5;0m[HTTP]&amp#27;[0m &amp#27;[90m{"using":"xpath","value":"//android.widget.Button[@resource-id='com.sec.android.app.popupcalculator:id/bt_equal']"}&amp#27;[39m
[debug] &amp#27;[38;5;32m[AndroidUiautomator2Driver@6057 (61220bf9)]&amp#27;[0m Calling AppiumDriver.findElement() with args: ["xpath","//android.widget.Button[@resource-id='com.sec.android.app.popupcalculator:id/bt_equal']","61220bf9-4c83-49f4-8ef5-936354755a00"]
[debug] &amp#27;[38;5;32m[AndroidUiautomator2Driver@6057 (61220bf9)]&amp#27;[0m Valid locator strategies for this request: xpath, id, class name, accessibility id, css selector, -android uiautomator
[debug] &amp#27;[38;5;32m[AndroidUiautomator2Driver@6057 (61220bf9)]&amp#27;[0m Waiting up to 0 ms for condition
[debug] &amp#27;[38;5;32m[AndroidUiautomator2Driver@6057 (61220bf9)]&amp#27;[0m Matched '/element' to command name 'findElement'
[debug] &amp#27;[38;5;32m[AndroidUiautomator2Driver@6057 (61220bf9)]&amp#27;[0m Proxying [POST /element] to [POST http://127.0.0.1:8200/session/88460a79-b517-4ee8-8680-a35e38e4ef96/element] with body: {"strategy":"xpath","selector":"//android.widget.Button[@resource-id='com.sec.android.app.popupcalculator:id/bt_equal']","context":"","multiple":false}
[debug] &amp#27;[38;5;32m[AndroidUiautomator2Driver@6057 (61220bf9)]&amp#27;[0m Got response with status 200: {"sessionId":"88460a79-b517-4ee8-8680-a35e38e4ef96","value":{"ELEMENT":"00000000-0000-00de-ffff-ffff00000027","element-6066-11e4-a52e-4f735466cecf":"00000000-0000-00de-ffff-ffff00000027"}}
[debug] &amp#27;[38;5;32m[AndroidUiautomator2Driver@6057 (61220bf9)]&amp#27;[0m Responding to client with driver.findElement() result: {"element-6066-11e4-a52e-4f735466cecf":"00000000-0000-00de-ffff-ffff00000027","ELEMENT":"00000000-0000-00de-ffff-ffff00000027"}
&amp#27;[38;5;0m[HTTP]&amp#27;[0m &amp#27;[37m<-- POST /session/61220bf9-4c83-49f4-8ef5-936354755a00/element &amp#27;[39m&amp#27;[32m200&amp#27;[39m &amp#27;[90m820 ms - 137&amp#27;[39m
&amp#27;[38;5;0m[HTTP]&amp#27;[0m &amp#27;[90m&amp#27;[39m
&amp#27;[38;5;0m[HTTP]&amp#27;[0m &amp#27;[37m-->&amp#27;[39m &amp#27;[37mPOST&amp#27;[39m &amp#27;[37m/session/61220bf9-4c83-49f4-8ef5-936354755a00/element/00000000-0000-00de-ffff-ffff00000027/click&amp#27;[39m
&amp#27;[38;5;0m[HTTP]&amp#27;[0m &amp#27;[90m{"id":"00000000-0000-00de-ffff-ffff00000027"}&amp#27;[39m
[debug] &amp#27;[38;5;32m[AndroidUiautomator2Driver@6057 (61220bf9)]&amp#27;[0m Calling AppiumDriver.click() with args: ["00000000-0000-00de-ffff-ffff00000027","61220bf9-4c83-49f4-8ef5-936354755a00"]
[debug] &amp#27;[38;5;32m[AndroidUiautomator2Driver@6057 (61220bf9)]&amp#27;[0m Matched '/element/00000000-0000-00de-ffff-ffff00000027/click' to command name 'click'
[debug] &amp#27;[38;5;32m[AndroidUiautomator2Driver@6057 (61220bf9)]&amp#27;[0m Proxying [POST /element/00000000-0000-00de-ffff-ffff00000027/click] to [POST http://127.0.0.1:8200/session/88460a79-b517-4ee8-8680-a35e38e4ef96/element/00000000-0000-00de-ffff-ffff00000027/click] with body: {"element":"00000000-0000-00de-ffff-ffff00000027"}
[debug] &amp#27;[38;5;32m[AndroidUiautomator2Driver@6057 (61220bf9)]&amp#27;[0m Got response with status 200: {"sessionId":"88460a79-b517-4ee8-8680-a35e38e4ef96","value":null}
[debug] &amp#27;[38;5;32m[AndroidUiautomator2Driver@6057 (61220bf9)]&amp#27;[0m Responding to client with driver.click() result: null
&amp#27;[38;5;0m[HTTP]&amp#27;[0m &amp#27;[37m<-- POST /session/61220bf9-4c83-49f4-8ef5-936354755a00/element/00000000-0000-00de-ffff-ffff00000027/click &amp#27;[39m&amp#27;[32m200&amp#27;[39m &amp#27;[90m46 ms - 14&amp#27;[39m
&amp#27;[38;5;0m[HTTP]&amp#27;[0m &amp#27;[90m&amp#27;[39m
&amp#27;[38;5;0m[HTTP]&amp#27;[0m &amp#27;[37m-->&amp#27;[39m &amp#27;[37mPOST&amp#27;[39m &amp#27;[37m/session/61220bf9-4c83-49f4-8ef5-936354755a00/element&amp#27;[39m
&amp#27;[38;5;0m[HTTP]&amp#27;[0m &amp#27;[90m{"using":"xpath","value":"//android.widget.EditText[@resource-id='com.sec.android.app.popupcalculator:id/txtCalc']"}&amp#27;[39m
[debug] &amp#27;[38;5;32m[AndroidUiautomator2Driver@6057 (61220bf9)]&amp#27;[0m Calling AppiumDriver.findElement() with args: ["xpath","//android.widget.EditText[@resource-id='com.sec.android.app.popupcalculator:id/txtCalc']","61220bf9-4c83-49f4-8ef5-936354755a00"]
[debug] &amp#27;[38;5;32m[AndroidUiautomator2Driver@6057 (61220bf9)]&amp#27;[0m Valid locator strategies for this request: xpath, id, class name, accessibility id, css selector, -android uiautomator
[debug] &amp#27;[38;5;32m[AndroidUiautomator2Driver@6057 (61220bf9)]&amp#27;[0m Waiting up to 0 ms for condition
[debug] &amp#27;[38;5;32m[AndroidUiautomator2Driver@6057 (61220bf9)]&amp#27;[0m Matched '/element' to command name 'findElement'
[debug] &amp#27;[38;5;32m[AndroidUiautomator2Driver@6057 (61220bf9)]&amp#27;[0m Proxying [POST /element] to [POST http://127.0.0.1:8200/session/88460a79-b517-4ee8-8680-a35e38e4ef96/element] with body: {"strategy":"xpath","selector":"//android.widget.EditText[@resource-id='com.sec.android.app.popupcalculator:id/txtCalc']","context":"","multiple":false}
[debug] &amp#27;[38;5;32m[AndroidUiautomator2Driver@6057 (61220bf9)]&amp#27;[0m Got response with status 200: {"sessionId":"88460a79-b517-4ee8-8680-a35e38e4ef96","value":{"ELEMENT":"00000000-0000-00de-ffff-ffff00000006","element-6066-11e4-a52e-4f735466cecf":"00000000-0000-00de-ffff-ffff00000006"}}
[debug] &amp#27;[38;5;32m[AndroidUiautomator2Driver@6057 (61220bf9)]&amp#27;[0m Responding to client with driver.findElement() result: {"element-6066-11e4-a52e-4f735466cecf":"00000000-0000-00de-ffff-ffff00000006","ELEMENT":"00000000-0000-00de-ffff-ffff00000006"}
&amp#27;[38;5;0m[HTTP]&amp#27;[0m &amp#27;[37m<-- POST /session/61220bf9-4c83-49f4-8ef5-936354755a00/element &amp#27;[39m&amp#27;[32m200&amp#27;[39m &amp#27;[90m1101 ms - 137&amp#27;[39m
&amp#27;[38;5;0m[HTTP]&amp#27;[0m &amp#27;[90m&amp#27;[39m
&amp#27;[38;5;0m[HTTP]&amp#27;[0m &amp#27;[37m-->&amp#27;[39m &amp#27;[37mGET&amp#27;[39m &amp#27;[37m/session/61220bf9-4c83-49f4-8ef5-936354755a00/element/00000000-0000-00de-ffff-ffff00000006/text&amp#27;[39m
&amp#27;[38;5;0m[HTTP]&amp#27;[0m &amp#27;[90m{}&amp#27;[39m
&amp#27;[38;5;32m[AndroidUiautomator2Driver@6057 (61220bf9)]&amp#27;[0m Driver proxy active, passing request on via HTTP proxy
[debug] &amp#27;[38;5;32m[AndroidUiautomator2Driver@6057 (61220bf9)]&amp#27;[0m Matched '/session/61220bf9-4c83-49f4-8ef5-936354755a00/element/00000000-0000-00de-ffff-ffff00000006/text' to command name 'getText'
[debug] &amp#27;[38;5;32m[AndroidUiautomator2Driver@6057 (61220bf9)]&amp#27;[0m Proxying [GET /session/61220bf9-4c83-49f4-8ef5-936354755a00/element/00000000-0000-00de-ffff-ffff00000006/text] to [GET http://127.0.0.1:8200/session/88460a79-b517-4ee8-8680-a35e38e4ef96/element/00000000-0000-00de-ffff-ffff00000006/text] with no body
[debug] &amp#27;[38;5;32m[AndroidUiautomator2Driver@6057 (61220bf9)]&amp#27;[0m Got response with status 200: {"sessionId":"88460a79-b517-4ee8-8680-a35e38e4ef96","value":"2"}
&amp#27;[38;5;32m[AndroidUiautomator2Driver@6057 (61220bf9)]&amp#27;[0m Replacing sessionId 88460a79-b517-4ee8-8680-a35e38e4ef96 with 61220bf9-4c83-49f4-8ef5-936354755a00
&amp#27;[38;5;0m[HTTP]&amp#27;[0m &amp#27;[37m<-- GET /session/61220bf9-4c83-49f4-8ef5-936354755a00/element/00000000-0000-00de-ffff-ffff00000006/text &amp#27;[39m&amp#27;[32m200&amp#27;[39m &amp#27;[90m61 ms - 64&amp#27;[39m
&amp#27;[38;5;0m[HTTP]&amp#27;[0m &amp#27;[90m&amp#27;[39m
The result is 2
&amp#27;[38;5;0m[HTTP]&amp#27;[0m &amp#27;[37m-->&amp#27;[39m &amp#27;[37mGET&amp#27;[39m &amp#27;[37m/session/61220bf9-4c83-49f4-8ef5-936354755a00/screenshot&amp#27;[39m
&amp#27;[38;5;0m[HTTP]&amp#27;[0m &amp#27;[90m{}&amp#27;[39m
[debug] &amp#27;[38;5;32m[AndroidUiautomator2Driver@6057 (61220bf9)]&amp#27;[0m Calling AppiumDriver.getScreenshot() with args: ["61220bf9-4c83-49f4-8ef5-936354755a00"]
[debug] &amp#27;[38;5;32m[AndroidUiautomator2Driver@6057 (61220bf9)]&amp#27;[0m Matched '/screenshot' to command name 'getScreenshot'
[debug] &amp#27;[38;5;32m[AndroidUiautomator2Driver@6057 (61220bf9)]&amp#27;[0m Proxying [GET /screenshot] to [GET http://127.0.0.1:8200/session/88460a79-b517-4ee8-8680-a35e38e4ef96/screenshot] with no body
[debug] &amp#27;[38;5;32m[AndroidUiautomator2Driver@6057 (61220bf9)]&amp#27;[0m Got response with status 200: {"sessionId":"88460a79-b517-4ee8-8680-a35e38e4ef96","value":"iVBORw0KGgoAAAANSUhEUgAABDgAAAeACAYAAAArYecKAAAABHNCSVQICAgIfAhkiAAAIABJREFUeJzs3VmQneV54PGnt9OrNtQNCCHQYrGIxTECC2EHY2wT13jLxHYSO0NNObNQXMxdfJ/LqRpqqjKZqtiTimeScSUTB4jNxBkDxijCAWTQBlosIYFA3UJLa+t977kgCPVyWi2p+5x+un+/Krt0vu8sr+ocoM+/3+99K7p6ekcDAAAAILHKcg8AAAAA4GoJHAAAAEB6AgcAAACQnsABAAAApCdwAAAAAOkJHAAAAEB6AgcAAACQnsABAAAApCdwAAAAAOkJHAAAAEB6AgcAAACQnsABAAAApCdwAAAAAOkJHAAAAEB6AgcAAACQnsABAAAApCdwAAAAAOkJHAAAAEB6AgcAAACQnsABAAAApCdwAAAAAOkJHAAAAEB6AgcAAACQnsABAAAApCdwAAAAAOkJHAAAAEB6AgcAAACQnsABAAAApCdwAAAAAOkJHAAAAEB6AgcAAACQnsABAAAApCdwAAAAAOkJHAAAAEB6AgcAAACQnsABAAAApCdwAAAAAOkJHAAAAEB6AgcAAACQnsABAAAApCdwAAAAAOkJHAAAAEB6AgcAAACQnsABAAAApCdwAAAAAOkJHAAAAEB6AgcAAACQnsABAAAApCdwAAAAAOkJHAAAAEB6AgcAAACQnsABAAAApCdwAAAAAOkJHAAAAEB6AgcAAACQnsABAAAApCdwAAAAAOkJHAAAAEB6AgcAAACQnsABAAAApCdwAAAAAOkJHAAAAEB6AgcAAACQnsABAAAApCdwAAAAAOkJHAAAAEB6AgcAAACQnsABAAAApCdwAAAAAOkJHAAAAEB6AgcAAACQnsABAAAApCdwAAAAAOkJHAAAAEB6AgcAAACQnsABAAAApCdwAAAAAOkJHAAAAEB6AgcA...
[debug] &amp#27;[38;5;32m[AndroidUiautomator2Driver@6057 (61220bf9)]&amp#27;[0m Responding to client with driver.getScreenshot() result: "iVBORw0KGgoAAAANSUhEUgAABDgAAAeACAYAAAArYecKAAAABHNCSVQICAgIfAhkiAAAIABJREFUeJzs3VmQneV54PGnt9OrNtQNCCHQYrGIxTECC2EHY2wT13jLxHYSO0NNObNQXMxdfJ/LqRpqqjKZqtiTimeScSUTB4jNxBkDxijCAWTQBlosIYFA3UJLa+t977kgCPVyWi2p+5x+un+/Krt0vu8sr+ocoM+/3+99K7p6ekcDAAAAILHKcg8AAAAA4GoJHAAAAEB6AgcAAACQnsABAAAApCdwAAAAAOkJHAAAAEB6AgcAAACQnsABAAAApCdwAAAAAOkJHAAAAEB6AgcAAACQnsABAAAApCdwAAAAAOkJHAAAAEB6AgcAAACQnsABAAAApCdwAAAAAOkJHAAAAEB6AgcAAACQnsABAAAApCdwAAAAAOkJHAAAAEB6AgcAAACQnsABAAAApCdwAAAAAOkJHAAAAEB6AgcAAACQnsABAAAApCdwAAAAAOkJHAAAAEB6AgcAAACQnsABAAAApCdwAAAAAOkJHAAAAEB6AgcAAACQnsABAAAApCdwAAAAAOkJHAAAAEB6AgcAAACQnsABAAAApCdwAAAAAOkJHAAAAEB6AgcAAACQnsABAAAApCdwAAAAAOkJHAAAAEB6AgcAAACQnsABAAAApCdwAAAAAOkJHAAAAEB6AgcAAACQnsABAAAApCdwAAAAAOkJHAAAAEB6AgcAAACQnsABAAAApCdwAAAAAOkJHAAAAEB6AgcAAACQnsABAAAApCdwAAAAAOkJHAAAAEB6AgcAAACQnsABAAAApCdwAAAAAOkJHAAAAEB6AgcAAACQnsABAAAApCdwAAAAAOkJHAAAAEB6AgcAAACQnsABAAAApCdwAAAAAOkJHAAAAEB6AgcAAACQnsABAAAApCdwAAAAAOkJHAAAAEB6AgcAAACQnsABAAAApCdwAAAAAOkJHAAAAEB6AgcAAACQnsABAAAApCdwAAAAAOkJ...
&amp#27;[38;5;0m[HTTP]&amp#27;[0m &amp#27;[37m<-- GET /session/61220bf9-4c83-49f4-8ef5-936354755a00/screenshot &amp#27;[39m&amp#27;[32m200&amp#27;[39m &amp#27;[90m1075 ms - 72688&amp#27;[39m
&amp#27;[38;5;0m[HTTP]&amp#27;[0m &amp#27;[90m&amp#27;[39m
]]></system-out>
    <system-err><![CDATA[SLF4J: No SLF4J providers were found.
SLF4J: Defaulting to no-operation (NOP) logger implementation
SLF4J: See https://www.slf4j.org/codes.html#noProviders for further details.
ago. 30, 2023 3:24:07 P. M. org.openqa.selenium.remote.RemoteWebDriver log
INFO: Executing: findElement [61220bf9-4c83-49f4-8ef5-936354755a00, findElement {using=xpath, value=//android.widget.Button[@resource-id='com.sec.android.app.popupcalculator:id/bt_02']}]
ago. 30, 2023 3:24:09 P. M. org.openqa.selenium.remote.RemoteWebDriver log
INFO: Executed: findElement (Response: SessionID: 61220bf9-4c83-49f4-8ef5-936354755a00, Status: 0, Value: {element-6066-11e4-a52e-4f735466cecf=00000000-0000-00de-ffff-ffff00000021, ELEMENT=00000000-0000-00de-ffff-ffff00000021})
ago. 30, 2023 3:24:09 P. M. org.openqa.selenium.remote.RemoteWebDriver log
INFO: Executing: clickElement [61220bf9-4c83-49f4-8ef5-936354755a00, clickElement {id=00000000-0000-00de-ffff-ffff00000021}]
ago. 30, 2023 3:24:09 P. M. org.openqa.selenium.remote.RemoteWebDriver log
INFO: Executed: clickElement (Response: SessionID: 61220bf9-4c83-49f4-8ef5-936354755a00, Status: 0, Value: null)
ago. 30, 2023 3:24:09 P. M. org.openqa.selenium.remote.RemoteWebDriver log
INFO: Executing: findElement [61220bf9-4c83-49f4-8ef5-936354755a00, findElement {using=xpath, value=//android.widget.Button[@resource-id='com.sec.android.app.popupcalculator:id/bt_mul']}]
ago. 30, 2023 3:24:10 P. M. org.openqa.selenium.remote.RemoteWebDriver log
INFO: Executed: findElement (Response: SessionID: 61220bf9-4c83-49f4-8ef5-936354755a00, Status: 0, Value: {element-6066-11e4-a52e-4f735466cecf=00000000-0000-00de-ffff-ffff0000001b, ELEMENT=00000000-0000-00de-ffff-ffff0000001b})
ago. 30, 2023 3:24:10 P. M. org.openqa.selenium.remote.RemoteWebDriver log
INFO: Executing: clickElement [61220bf9-4c83-49f4-8ef5-936354755a00, clickElement {id=00000000-0000-00de-ffff-ffff0000001b}]
ago. 30, 2023 3:24:10 P. M. org.openqa.selenium.remote.RemoteWebDriver log
INFO: Executed: clickElement (Response: SessionID: 61220bf9-4c83-49f4-8ef5-936354755a00, Status: 0, Value: null)
ago. 30, 2023 3:24:10 P. M. org.openqa.selenium.remote.RemoteWebDriver log
INFO: Executing: findElement [61220bf9-4c83-49f4-8ef5-936354755a00, findElement {using=xpath, value=//android.widget.Button[@resource-id='com.sec.android.app.popupcalculator:id/bt_02']}]
ago. 30, 2023 3:24:11 P. M. org.openqa.selenium.remote.RemoteWebDriver log
INFO: Executed: findElement (Response: SessionID: 61220bf9-4c83-49f4-8ef5-936354755a00, Status: 0, Value: {element-6066-11e4-a52e-4f735466cecf=00000000-0000-00de-ffff-ffff00000021, ELEMENT=00000000-0000-00de-ffff-ffff00000021})
ago. 30, 2023 3:24:11 P. M. org.openqa.selenium.remote.RemoteWebDriver log
INFO: Executing: clickElement [61220bf9-4c83-49f4-8ef5-936354755a00, clickElement {id=00000000-0000-00de-ffff-ffff00000021}]
ago. 30, 2023 3:24:11 P. M. org.openqa.selenium.remote.RemoteWebDriver log
INFO: Executed: clickElement (Response: SessionID: 61220bf9-4c83-49f4-8ef5-936354755a00, Status: 0, Value: null)
ago. 30, 2023 3:24:11 P. M. org.openqa.selenium.remote.RemoteWebDriver log
INFO: Executing: findElement [61220bf9-4c83-49f4-8ef5-936354755a00, findElement {using=xpath, value=//android.widget.Button[@resource-id='com.sec.android.app.popupcalculator:id/bt_div']}]
ago. 30, 2023 3:24:12 P. M. org.openqa.selenium.remote.RemoteWebDriver log
INFO: Executed: findElement (Response: SessionID: 61220bf9-4c83-49f4-8ef5-936354755a00, Status: 0, Value: {element-6066-11e4-a52e-4f735466cecf=00000000-0000-00de-ffff-ffff00000017, ELEMENT=00000000-0000-00de-ffff-ffff00000017})
ago. 30, 2023 3:24:12 P. M. org.openqa.selenium.remote.RemoteWebDriver log
INFO: Executing: clickElement [61220bf9-4c83-49f4-8ef5-936354755a00, clickElement {id=00000000-0000-00de-ffff-ffff00000017}]
ago. 30, 2023 3:24:12 P. M. org.openqa.selenium.remote.RemoteWebDriver log
INFO: Executed: clickElement (Response: SessionID: 61220bf9-4c83-49f4-8ef5-936354755a00, Status: 0, Value: null)
ago. 30, 2023 3:24:12 P. M. org.openqa.selenium.remote.RemoteWebDriver log
INFO: Executing: findElement [61220bf9-4c83-49f4-8ef5-936354755a00, findElement {using=xpath, value=//android.widget.Button[@resource-id='com.sec.android.app.popupcalculator:id/bt_02']}]
ago. 30, 2023 3:24:13 P. M. org.openqa.selenium.remote.RemoteWebDriver log
INFO: Executed: findElement (Response: SessionID: 61220bf9-4c83-49f4-8ef5-936354755a00, Status: 0, Value: {element-6066-11e4-a52e-4f735466cecf=00000000-0000-00de-ffff-ffff00000021, ELEMENT=00000000-0000-00de-ffff-ffff00000021})
ago. 30, 2023 3:24:13 P. M. org.openqa.selenium.remote.RemoteWebDriver log
INFO: Executing: clickElement [61220bf9-4c83-49f4-8ef5-936354755a00, clickElement {id=00000000-0000-00de-ffff-ffff00000021}]
ago. 30, 2023 3:24:13 P. M. org.openqa.selenium.remote.RemoteWebDriver log
INFO: Executed: clickElement (Response: SessionID: 61220bf9-4c83-49f4-8ef5-936354755a00, Status: 0, Value: null)
ago. 30, 2023 3:24:13 P. M. org.openqa.selenium.remote.RemoteWebDriver log
INFO: Executing: findElement [61220bf9-4c83-49f4-8ef5-936354755a00, findElement {using=xpath, value=//android.widget.Button[@resource-id='com.sec.android.app.popupcalculator:id/bt_equal']}]
ago. 30, 2023 3:24:14 P. M. org.openqa.selenium.remote.RemoteWebDriver log
INFO: Executed: findElement (Response: SessionID: 61220bf9-4c83-49f4-8ef5-936354755a00, Status: 0, Value: {element-6066-11e4-a52e-4f735466cecf=00000000-0000-00de-ffff-ffff00000027, ELEMENT=00000000-0000-00de-ffff-ffff00000027})
ago. 30, 2023 3:24:14 P. M. org.openqa.selenium.remote.RemoteWebDriver log
INFO: Executing: clickElement [61220bf9-4c83-49f4-8ef5-936354755a00, clickElement {id=00000000-0000-00de-ffff-ffff00000027}]
ago. 30, 2023 3:24:14 P. M. org.openqa.selenium.remote.RemoteWebDriver log
INFO: Executed: clickElement (Response: SessionID: 61220bf9-4c83-49f4-8ef5-936354755a00, Status: 0, Value: null)
ago. 30, 2023 3:24:14 P. M. org.openqa.selenium.remote.RemoteWebDriver log
INFO: Executing: findElement [61220bf9-4c83-49f4-8ef5-936354755a00, findElement {using=xpath, value=//android.widget.EditText[@resource-id='com.sec.android.app.popupcalculator:id/txtCalc']}]
ago. 30, 2023 3:24:15 P. M. org.openqa.selenium.remote.RemoteWebDriver log
INFO: Executed: findElement (Response: SessionID: 61220bf9-4c83-49f4-8ef5-936354755a00, Status: 0, Value: {element-6066-11e4-a52e-4f735466cecf=00000000-0000-00de-ffff-ffff00000006, ELEMENT=00000000-0000-00de-ffff-ffff00000006})
ago. 30, 2023 3:24:15 P. M. org.openqa.selenium.remote.RemoteWebDriver log
INFO: Executing: getElementText [61220bf9-4c83-49f4-8ef5-936354755a00, getElementText {id=00000000-0000-00de-ffff-ffff00000006}]
ago. 30, 2023 3:24:15 P. M. org.openqa.selenium.remote.RemoteWebDriver log
INFO: Executed: getElementText (Response: SessionID: 61220bf9-4c83-49f4-8ef5-936354755a00, Status: 0, Value: 2)
ago. 30, 2023 3:24:15 P. M. org.openqa.selenium.remote.RemoteWebDriver log
INFO: Executing: screenshot [61220bf9-4c83-49f4-8ef5-936354755a00, screenshot {}]
ago. 30, 2023 3:24:16 P. M. org.openqa.selenium.remote.RemoteWebDriver log
INFO: Executed: screenshot (Response: SessionID: 61220bf9-4c83-49f4-8ef5-936354755a00, Status: 0, Value: *Screenshot response suppressed*)
]]></system-err>
  </testcase>
</testsuite>