<?xml version="1.0" encoding="UTF-8"?>
<!-- Generated by org.testng.reporters.JUnitReportReporter -->
<testsuite hostname="Solidus" failures="0" tests="1" name="com.automationtest.testng.SearchNotFoundTest" time="4.899" errors="0" timestamp="2023-03-25T20:58:36 ART" skipped="0">
  <testcase classname="com.automationtest.testng.SearchNotFoundTest" name="deleteEmployee" time="4.899"/>
  <system-out/>
</testsuite> <!-- com.automationtest.testng.SearchNotFoundTest -->
