<?xml version="1.0" encoding="UTF-8"?>
<!-- Generated by org.testng.reporters.JUnitReportReporter -->
<testsuite hostname="Solidus" failures="0" tests="1" name="com.automationtest.restassured.RestassuredTest" time="3.887" errors="0" timestamp="2023-06-07T19:04:25 ART" skipped="0">
  <testcase classname="com.automationtest.restassured.RestassuredTest" name="getResponseStatus" time="3.887"/>
  <system-out/>
</testsuite> <!-- com.automationtest.restassured.RestassuredTest -->
