<?xml version="1.0" encoding="UTF-8"?>
<!-- Generated by org.testng.reporters.JUnitReportReporter -->
<testsuite hostname="Solidus" failures="0" tests="2" name="com.automationtest.testng.LoginWithTwoBrowsers" time="9.025" errors="0" timestamp="2023-03-21T19:28:43 ART" skipped="0">
  <testcase classname="com.automationtest.testng.LoginWithTwoBrowsers" name="login" time="4.616"/>
  <system-out/>
  <testcase classname="com.automationtest.testng.LoginWithTwoBrowsers" name="login" time="4.409"/>
  <system-out/>
</testsuite> <!-- com.automationtest.testng.LoginWithTwoBrowsers -->
