<?xml version="1.0" encoding="UTF-8"?>
<!-- Generated by org.testng.reporters.JUnitReportReporter -->
<testsuite hostname="Solidus" failures="0" tests="1" name="com.automationtest.testng.LoginTest" time="5.330" errors="0" timestamp="2023-03-30T18:58:50 ART" skipped="0">
  <testcase classname="com.automationtest.testng.LoginTest" name="login" time="5.330"/>
  <system-out/>
</testsuite> <!-- com.automationtest.testng.LoginTest -->
