<?xml version="1.0" encoding="UTF-8"?>
<!-- Generated by org.testng.reporters.JUnitReportReporter -->
<testsuite hostname="Solidus" failures="0" tests="1" name="com.automationtest.testng.PostOnNewsfeedTest" time="6.838" errors="0" timestamp="2023-05-02T18:24:30 ART" skipped="0">
  <testcase classname="com.automationtest.testng.PostOnNewsfeedTest" name="postBuzzNewsfeed" time="6.838"/>
  <system-out/>
</testsuite> <!-- com.automationtest.testng.PostOnNewsfeedTest -->
