<?xml version="1.0" encoding="UTF-8"?>
<!-- Generated by org.testng.reporters.JUnitReportReporter -->
<testsuite hostname="Solidus" failures="0" tests="1" name="com.automationtest.testng.DeleteEmployeeTest" time="4.757" errors="0" timestamp="2023-03-22T18:37:44 ART" skipped="0">
  <testcase classname="com.automationtest.testng.DeleteEmployeeTest" name="deleteEmployee" time="4.757"/>
  <system-out/>
</testsuite> <!-- com.automationtest.testng.DeleteEmployeeTest -->
