<?xml version="1.0" encoding="UTF-8"?>
<!-- Generated by org.testng.reporters.JUnitReportReporter -->
<testsuite hostname="Solidus" failures="0" tests="1" name="com.automationtest.testng.EditAdminTest" time="14.943" errors="0" timestamp="2023-07-07T16:26:45 ART" skipped="0">
  <testcase classname="com.automationtest.testng.EditAdminTest" name="editAdmin" time="14.943"/>
  <system-out/>
</testsuite> <!-- com.automationtest.testng.EditAdminTest -->
