<?xml version="1.0" encoding="UTF-8"?>
<!-- Generated by org.testng.reporters.JUnitReportReporter -->
<testsuite hostname="Solidus" failures="0" tests="1" name="com.automationtest.testng.DeleteEmployeeTest" time="10.384" errors="0" timestamp="2023-04-25T15:11:26 ART" skipped="0">
  <testcase classname="com.automationtest.testng.DeleteEmployeeTest" name="deleteEmployee" time="10.384"/>
  <system-out/>
</testsuite> <!-- com.automationtest.testng.DeleteEmployeeTest -->
