<?xml version="1.0" encoding="UTF-8"?>
<!-- Generated by org.testng.reporters.JUnitReportReporter -->
<testsuite hostname="Solidus" failures="0" tests="1" name="com.automationtest.testng.NewTerminationReasonTest" time="10.817" errors="0" timestamp="2023-04-11T16:20:47 ART" skipped="0">
  <testcase classname="com.automationtest.testng.NewTerminationReasonTest" name="newTerminationReason" time="10.817"/>
  <system-out/>
</testsuite> <!-- com.automationtest.testng.NewTerminationReasonTest -->
