<?xml version="1.0" encoding="UTF-8"?>
<!-- Generated by org.testng.reporters.JUnitReportReporter -->
<testsuite hostname="Solidus" failures="0" tests="1" name="com.automationtest.appium.CalculatorTest" time="40.146" errors="0" timestamp="2023-08-28T17:54:06 ART" skipped="0">
  <testcase classname="com.automationtest.appium.CalculatorTest" name="testexample" time="40.146"/>
  <system-out/>
</testsuite> <!-- com.automationtest.appium.CalculatorTest -->
