<?xml version="1.0" encoding="UTF-8"?>
<!-- Generated by org.testng.reporters.JUnitReportReporter -->
<testsuite hostname="Solidus" failures="0" tests="1" name="com.automationtest.testng.EditEmployeeJobTest" time="6.958" errors="0" timestamp="2023-03-10T18:46:46 ART" skipped="0">
  <testcase classname="com.automationtest.testng.EditEmployeeJobTest" name="editEmployeeJob" time="6.958"/>
  <system-out/>
</testsuite> <!-- com.automationtest.testng.EditEmployeeJobTest -->
