<?xml version="1.0" encoding="UTF-8"?>
<!-- Generated by org.testng.reporters.JUnitReportReporter -->
<testsuite hostname="Solidus" failures="0" tests="1" name="com.automationtest.testng.NewEmployeeTest" time="11.695" errors="0" timestamp="2023-03-24T20:08:55 ART" skipped="0">
  <testcase classname="com.automationtest.testng.NewEmployeeTest" name="newEmployee2" time="11.695"/>
  <system-out/>
</testsuite> <!-- com.automationtest.testng.NewEmployeeTest -->
