<?xml version="1.0" encoding="UTF-8"?>
<!-- Generated by org.testng.reporters.JUnitReportReporter -->
<testsuite hostname="Solidus" failures="0" tests="1" name="com.automationtest.testng.NewEmployeeTest" time="10.737" errors="0" timestamp="2023-04-10T23:34:01 ART" skipped="0">
  <testcase classname="com.automationtest.testng.NewEmployeeTest" name="newEmployee" time="10.737"/>
  <system-out/>
</testsuite> <!-- com.automationtest.testng.NewEmployeeTest -->
