<?xml version="1.0" encoding="UTF-8"?>
<!-- Generated by org.testng.reporters.JUnitReportReporter -->
<testsuite hostname="Solidus" failures="0" tests="1" name="com.automationtest.testng.DeleteTerminationReasonTest" time="9.340" errors="0" timestamp="2023-03-27T22:21:44 ART" skipped="0">
  <testcase classname="com.automationtest.testng.DeleteTerminationReasonTest" name="newTerminationReason" time="9.340"/>
  <system-out/>
</testsuite> <!-- com.automationtest.testng.DeleteTerminationReasonTest -->
