<?xml version="1.0" encoding="UTF-8"?>
<!-- Generated by org.testng.reporters.JUnitReportReporter -->
<testsuite hostname="Solidus" failures="0" tests="1" name="com.automationtest.testng.EditAdminTest" time="10.528" errors="0" timestamp="2023-03-13T19:32:24 ART" skipped="0">
  <testcase classname="com.automationtest.testng.EditAdminTest" name="editAdmin" time="10.528"/>
  <system-out/>
</testsuite> <!-- com.automationtest.testng.EditAdminTest -->
