<?xml version="1.0" encoding="UTF-8"?>
<!-- Generated by org.testng.reporters.JUnitReportReporter -->
<testsuite hostname="Solidus" failures="0" tests="1" name="com.automationtest.testng.EditEmployeeEmergencyContactsTest" time="5.504" errors="0" timestamp="2023-03-10T18:56:43 ART" skipped="0">
  <testcase classname="com.automationtest.testng.EditEmployeeEmergencyContactsTest" name="editEmployeeEmergencyContacts" time="5.504"/>
  <system-out/>
</testsuite> <!-- com.automationtest.testng.EditEmployeeEmergencyContactsTest -->
