<?xml version="1.0" encoding="UTF-8"?>
<!-- Generated by org.testng.reporters.JUnitReportReporter -->
<testsuite hostname="Solidus" failures="0" tests="1" name="com.automationtest.testng.SwagLabsBuyItem" time="1.378" errors="0" timestamp="2023-08-16T11:44:05 ART" skipped="0">
  <testcase classname="com.automationtest.testng.SwagLabsBuyItem" name="login" time="1.378"/>
  <system-out/>
</testsuite> <!-- com.automationtest.testng.SwagLabsBuyItem -->
