<?xml version="1.0" encoding="UTF-8"?>
<!-- Generated by org.testng.reporters.JUnitReportReporter -->
<testsuite hostname="Solidus" failures="0" tests="1" name="com.automationtest.testng.LoginChromeTestSwagLabs" time="1.743" errors="0" timestamp="2023-08-16T10:32:57 ART" skipped="0">
  <testcase classname="com.automationtest.testng.LoginChromeTestSwagLabs" name="login" time="1.743"/>
  <system-out/>
</testsuite> <!-- com.automationtest.testng.LoginChromeTestSwagLabs -->
