<?xml version="1.0" encoding="UTF-8"?>
<!-- Generated by org.testng.reporters.JUnitReportReporter -->
<testsuite hostname="Solidus" failures="0" tests="1" name="com.automationtest.testng.EditEmployeeContactDetailsTest" time="3.593" errors="0" timestamp="2023-03-23T18:54:34 ART" skipped="0">
  <testcase classname="com.automationtest.testng.EditEmployeeContactDetailsTest" name="editEmployeeContactDetails" time="3.593"/>
  <system-out/>
</testsuite> <!-- com.automationtest.testng.EditEmployeeContactDetailsTest -->
