<?xml version="1.0" encoding="UTF-8"?>
<!-- Generated by org.testng.reporters.JUnitReportReporter -->
<testsuite hostname="Solidus" failures="0" tests="1" name="com.automationtest.testng.NewEmployeeTest" time="12.168" errors="0" timestamp="2023-04-25T15:10:18 ART" skipped="0">
  <testcase classname="com.automationtest.testng.NewEmployeeTest" name="newEmployee" time="12.168"/>
  <system-out/>
</testsuite> <!-- com.automationtest.testng.NewEmployeeTest -->
