<?xml version="1.0" encoding="UTF-8"?>
<!-- Generated by org.testng.reporters.JUnitReportReporter -->
<testsuite hostname="Solidus" failures="0" tests="1" name="com.automationtest.testng.DeleteSkillTest" time="10.627" errors="0" timestamp="2023-04-11T14:50:48 ART" skipped="0">
  <testcase classname="com.automationtest.testng.DeleteSkillTest" name="deleteSkill" time="10.627"/>
  <system-out/>
</testsuite> <!-- com.automationtest.testng.DeleteSkillTest -->
