<?xml version="1.0" encoding="UTF-8"?>
<!-- Generated by org.testng.reporters.JUnitReportReporter -->
<testsuite hostname="Solidus" failures="0" tests="1" name="com.automationtest.testng.NewTerminationReasonTest" time="14.094" errors="0" timestamp="2023-03-28T21:42:33 ART" skipped="0">
  <testcase classname="com.automationtest.testng.NewTerminationReasonTest" name="newTerminationReason" time="14.094"/>
  <system-out/>
</testsuite> <!-- com.automationtest.testng.NewTerminationReasonTest -->
