<?xml version="1.0" encoding="UTF-8"?>
<!-- Generated by org.testng.reporters.JUnitReportReporter -->
<testsuite hostname="Solidus" failures="0" tests="2" name="com.automationtest.testng.LogoutTest" time="21.115" errors="1" timestamp="2023-07-18T18:22:11 ART" skipped="1">
  <testcase classname="com.automationtest.testng.LogoutTest" name="loginAndLogout" time="0.000">
    <skipped/>
  </testcase> <!-- loginAndLogout -->
  <system-out/>
  <testcase classname="com.automationtest.testng.LogoutTest" name="openBrowser" time="21.115">
    <error message="Unresolved compilation problems: 
	The type java.util.function.Function cannot be resolved. It is indirectly referenced from required type org.openqa.selenium.support.ui.Wait
	The method until(Function&lt;? super WebDriver,T&gt;) from the type Wait&lt;WebDriver&gt; refers to the missing type Function
	The method until(Function&lt;? super WebDriver,T&gt;) from the type Wait&lt;WebDriver&gt; refers to the missing type Function
	The method until(Function&lt;? super WebDriver,T&gt;) from the type Wait&lt;WebDriver&gt; refers to the missing type Function
	The method until(Function&lt;? super WebDriver,T&gt;) from the type Wait&lt;WebDriver&gt; refers to the missing type Function
	The method until(Function&lt;? super WebDriver,T&gt;) from the type Wait&lt;WebDriver&gt; refers to the missing type Function
" type="java.lang.Error">
      <![CDATA[java.lang.Error: Unresolved compilation problems: 
The type java.util.function.Function cannot be resolved. It is indirectly referenced from required type org.openqa.selenium.support.ui.Wait
The method until(Function<? super WebDriver,T>) from the type Wait<WebDriver> refers to the missing type Function
The method until(Function<? super WebDriver,T>) from the type Wait<WebDriver> refers to the missing type Function
The method until(Function<? super WebDriver,T>) from the type Wait<WebDriver> refers to the missing type Function
The method until(Function<? super WebDriver,T>) from the type Wait<WebDriver> refers to the missing type Function
The method until(Function<? super WebDriver,T>) from the type Wait<WebDriver> refers to the missing type Function

at com.automationtest.pom.OrangeHRMPage.<init>(OrangeHRMPage.java:380)
at com.automationtest.testng.LogoutTest.openBrowser(LogoutTest.java:43)
at java.base/jdk.internal.reflect.NativeMethodAccessorImpl.invoke0(Native Method)
at java.base/jdk.internal.reflect.NativeMethodAccessorImpl.invoke(NativeMethodAccessorImpl.java:77)
at java.base/jdk.internal.reflect.DelegatingMethodAccessorImpl.invoke(DelegatingMethodAccessorImpl.java:43)
at java.base/java.lang.reflect.Method.invoke(Method.java:568)
at org.testng.internal.invokers.MethodInvocationHelper.invokeMethod(MethodInvocationHelper.java:139)
at org.testng.internal.invokers.MethodInvocationHelper.invokeMethodConsideringTimeout(MethodInvocationHelper.java:69)
at org.testng.internal.invokers.ConfigInvoker.invokeConfigurationMethod(ConfigInvoker.java:361)
at org.testng.internal.invokers.ConfigInvoker.invokeConfigurations(ConfigInvoker.java:296)
at org.testng.internal.invokers.TestMethodWorker.invokeBeforeClassMethods(TestMethodWorker.java:180)
at org.testng.internal.invokers.TestMethodWorker.run(TestMethodWorker.java:122)
at java.base/java.util.ArrayList.forEach(ArrayList.java:1511)
at org.testng.TestRunner.privateRun(TestRunner.java:806)
at org.testng.TestRunner.run(TestRunner.java:601)
at org.testng.SuiteRunner.runTest(SuiteRunner.java:433)
at org.testng.SuiteRunner.runSequentially(SuiteRunner.java:427)
at org.testng.SuiteRunner.privateRun(SuiteRunner.java:387)
at org.testng.SuiteRunner.run(SuiteRunner.java:330)
at org.testng.SuiteRunnerWorker.runSuite(SuiteRunnerWorker.java:52)
at org.testng.SuiteRunnerWorker.run(SuiteRunnerWorker.java:95)
at org.testng.TestNG.runSuitesSequentially(TestNG.java:1256)
at org.testng.TestNG.runSuitesLocally(TestNG.java:1176)
at org.testng.TestNG.runSuites(TestNG.java:1099)
at org.testng.TestNG.run(TestNG.java:1067)
at org.testng.remote.AbstractRemoteTestNG.run(AbstractRemoteTestNG.java:115)
at org.testng.remote.RemoteTestNG.initAndRun(RemoteTestNG.java:251)
at org.testng.remote.RemoteTestNG.main(RemoteTestNG.java:77)
]]>
    </error>
  </testcase> <!-- openBrowser -->
  <system-out/>
</testsuite> <!-- com.automationtest.testng.LogoutTest -->
