<?xml version="1.0" encoding="UTF-8"?>
<!-- Generated by org.testng.reporters.JUnitReportReporter -->
<testsuite hostname="Solidus" failures="0" tests="1" name="com.automationtest.testng.EditEmployeeJobTest" time="6.957" errors="0" timestamp="2023-03-23T19:22:45 ART" skipped="0">
  <testcase classname="com.automationtest.testng.EditEmployeeJobTest" name="editEmployeeJob" time="6.957"/>
  <system-out/>
</testsuite> <!-- com.automationtest.testng.EditEmployeeJobTest -->
