<?xml version="1.0" encoding="UTF-8"?>
<!-- Generated by org.testng.reporters.JUnitReportReporter -->
<testsuite hostname="Solidus" failures="0" tests="1" name="com.automationtest.testng.DeleteEmployeeTest" time="8.713" errors="0" timestamp="2023-04-10T23:37:43 ART" skipped="0">
  <testcase classname="com.automationtest.testng.DeleteEmployeeTest" name="deleteEmployee" time="8.713"/>
  <system-out/>
</testsuite> <!-- com.automationtest.testng.DeleteEmployeeTest -->
