<?xml version="1.0" encoding="UTF-8"?>
<!-- Generated by org.testng.reporters.JUnitReportReporter -->
<testsuite hostname="Solidus" failures="0" tests="1" name="com.automationtest.testng.NewEmployeeTest" time="12.649" errors="0" timestamp="2023-03-24T15:16:22 ART" skipped="0">
  <testcase classname="com.automationtest.testng.NewEmployeeTest" name="newEmployee" time="12.649"/>
  <system-out/>
</testsuite> <!-- com.automationtest.testng.NewEmployeeTest -->
