<?xml version="1.0" encoding="UTF-8"?>
<!-- Generated by org.testng.reporters.JUnitReportReporter -->
<testsuite hostname="Solidus" failures="0" tests="1" name="com.automationtest.testng.EditEmployeePersonalDetailsTest" time="5.631" errors="0" timestamp="2023-03-24T21:01:30 ART" skipped="0">
  <testcase classname="com.automationtest.testng.EditEmployeePersonalDetailsTest" name="editEmployeePersonalDetails" time="5.631"/>
  <system-out/>
</testsuite> <!-- com.automationtest.testng.EditEmployeePersonalDetailsTest -->
