<?xml version="1.0" encoding="UTF-8"?>
<!-- Generated by org.testng.reporters.JUnitReportReporter -->
<testsuite hostname="Solidus" failures="0" tests="1" name="com.automationtest.testng.NewEmployeeTest" time="16.987" errors="0" timestamp="2023-03-28T20:21:31 ART" skipped="0">
  <testcase classname="com.automationtest.testng.NewEmployeeTest" name="newEmployee2" time="16.987"/>
  <system-out/>
</testsuite> <!-- com.automationtest.testng.NewEmployeeTest -->
