<?xml version="1.0" encoding="UTF-8"?>
<!-- Generated by org.testng.reporters.JUnitReportReporter -->
<testsuite hostname="Solidus" failures="0" tests="1" name="com.automationtest.testng.TestNGExample" time="2.379" errors="0" timestamp="2023-02-05T16:55:08 ART" skipped="0">
  <testcase classname="com.automationtest.testng.TestNGExample" name="login" time="2.379"/>
  <system-out/>
</testsuite> <!-- com.automationtest.testng.TestNGExample -->
