<?xml version="1.0" encoding="UTF-8"?>
<!-- Generated by org.testng.reporters.JUnitReportReporter -->
<testsuite hostname="Solidus" failures="0" tests="1" name="com.automationtest.testng.EditEmployeeAllTest" time="26.282" errors="0" timestamp="2023-03-22T18:35:00 ART" skipped="0">
  <testcase classname="com.automationtest.testng.EditEmployeeAllTest" name="editEmployee" time="26.282"/>
  <system-out/>
</testsuite> <!-- com.automationtest.testng.EditEmployeeAllTest -->
