<?xml version="1.0" encoding="UTF-8"?>
<!-- Generated by org.testng.reporters.JUnitReportReporter -->
<testsuite hostname="Solidus" failures="0" tests="1" name="com.automationtest.testng.EditEmployeeDependentsTest" time="5.453" errors="0" timestamp="2023-03-23T19:19:28 ART" skipped="0">
  <testcase classname="com.automationtest.testng.EditEmployeeDependentsTest" name="editEmployeeDependents" time="5.453"/>
  <system-out/>
</testsuite> <!-- com.automationtest.testng.EditEmployeeDependentsTest -->
