<?xml version="1.0" encoding="UTF-8"?>
<!-- Generated by org.testng.reporters.JUnitReportReporter -->
<testsuite hostname="Solidus" failures="0" tests="1" name="com.automationtest.testng.EditEmployeeContactDetailsTest" time="4.023" errors="0" timestamp="2023-03-10T18:44:30 ART" skipped="0">
  <testcase classname="com.automationtest.testng.EditEmployeeContactDetailsTest" name="editEmployeeContactDetails" time="4.023"/>
  <system-out/>
</testsuite> <!-- com.automationtest.testng.EditEmployeeContactDetailsTest -->
