<?xml version="1.0" encoding="UTF-8"?>
<!-- Generated by org.testng.reporters.JUnitReportReporter -->
<testsuite hostname="Solidus" failures="0" tests="1" name="com.automationtest.testng.EditEmployee2AllTest" time="29.289" errors="0" timestamp="2023-03-24T21:08:22 ART" skipped="0">
  <testcase classname="com.automationtest.testng.EditEmployee2AllTest" name="editEmployee" time="29.289"/>
  <system-out/>
</testsuite> <!-- com.automationtest.testng.EditEmployee2AllTest -->
