<?xml version="1.0" encoding="UTF-8"?>
<!-- Generated by org.testng.reporters.JUnitReportReporter -->
<testsuite hostname="Solidus" failures="0" tests="1" name="com.automationtest.testng.PostOnNewsfeed" time="2.421" errors="0" timestamp="2023-02-24T17:01:41 ART" skipped="0">
  <testcase classname="com.automationtest.testng.PostOnNewsfeed" name="postBuzzNewsfeed" time="2.421"/>
  <system-out/>
</testsuite> <!-- com.automationtest.testng.PostOnNewsfeed -->
