<?xml version="1.0" encoding="UTF-8"?>
<!-- Generated by org.testng.reporters.JUnitReportReporter -->
<testsuite hostname="Solidus" failures="0" tests="1" name="com.automationtest.testng.NewSkillTest" time="11.439" errors="0" timestamp="2023-03-30T10:12:14 ART" skipped="0">
  <testcase classname="com.automationtest.testng.NewSkillTest" name="newSkill" time="11.439"/>
  <system-out/>
</testsuite> <!-- com.automationtest.testng.NewSkillTest -->
