<?xml version="1.0" encoding="UTF-8"?>
<!-- Generated by org.testng.reporters.JUnitReportReporter -->
<testsuite hostname="Solidus" failures="0" tests="1" name="com.automationtest.testng.DeleteSkillTest" time="9.153" errors="0" timestamp="2023-03-30T18:58:50 ART" skipped="0">
  <testcase classname="com.automationtest.testng.DeleteSkillTest" name="deleteSkill" time="9.153"/>
  <system-out/>
</testsuite> <!-- com.automationtest.testng.DeleteSkillTest -->
