<?xml version="1.0" encoding="UTF-8"?>
<!-- Generated by org.testng.reporters.JUnitReportReporter -->
<testsuite hostname="Solidus" failures="0" tests="1" name="com.automationtest.restassured.RestassuredTest" time="3.947" errors="0" timestamp="2023-06-14T17:07:23 ART" skipped="0">
  <testcase classname="com.automationtest.restassured.RestassuredTest" name="getResponseStatus" time="3.947"/>
  <system-out/>
</testsuite> <!-- com.automationtest.restassured.RestassuredTest -->
