<?xml version="1.0" encoding="UTF-8"?>
<!-- Generated by org.testng.reporters.JUnitReportReporter -->
<testsuite hostname="Solidus" failures="0" tests="1" name="com.automationtest.testng.EditEmployeeAllTest" time="40.786" errors="0" timestamp="2023-05-02T18:24:30 ART" skipped="0">
  <testcase classname="com.automationtest.testng.EditEmployeeAllTest" name="editEmployee" time="40.786"/>
  <system-out/>
</testsuite> <!-- com.automationtest.testng.EditEmployeeAllTest -->
