<?xml version="1.0" encoding="UTF-8"?>
<!-- Generated by org.testng.reporters.JUnitReportReporter -->
<testsuite hostname="Solidus" failures="0" tests="1" name="com.automationtest.testng.EditEmployeeDependentsTest" time="6.070" errors="0" timestamp="2023-03-10T18:49:13 ART" skipped="0">
  <testcase classname="com.automationtest.testng.EditEmployeeDependentsTest" name="editEmployeeDependents" time="6.070"/>
  <system-out/>
</testsuite> <!-- com.automationtest.testng.EditEmployeeDependentsTest -->
