<?xml version="1.0" encoding="UTF-8"?>
<!-- Generated by org.testng.reporters.JUnitReportReporter -->
<testsuite hostname="Solidus" failures="0" tests="1" name="com.automationtest.testng.BothBrowsersTest" time="21.248" errors="0" timestamp="2023-03-11T18:38:19 ART" skipped="0">
  <testcase classname="com.automationtest.testng.BothBrowsersTest" name="login" time="21.248"/>
  <system-out/>
</testsuite> <!-- com.automationtest.testng.BothBrowsersTest -->
