<?xml version="1.0" encoding="UTF-8"?>
<!-- Generated by org.testng.reporters.JUnitReportReporter -->
<testsuite hostname="Solidus" failures="0" tests="1" name="com.automationtest.testng.EditAdminTest" time="13.116" errors="0" timestamp="2023-07-07T16:43:16 ART" skipped="0">
  <testcase classname="com.automationtest.testng.EditAdminTest" name="editAdmin" time="13.116"/>
  <system-out/>
</testsuite> <!-- com.automationtest.testng.EditAdminTest -->
