<?xml version="1.0" encoding="UTF-8"?>
<!-- Generated by org.testng.reporters.JUnitReportReporter -->
<testsuite hostname="Solidus" failures="0" tests="1" name="com.automationtest.testng.NewEmployee2Test" time="12.237" errors="0" timestamp="2023-03-25T20:22:57 ART" skipped="0">
  <testcase classname="com.automationtest.testng.NewEmployee2Test" name="newEmployee2" time="12.237"/>
  <system-out/>
</testsuite> <!-- com.automationtest.testng.NewEmployee2Test -->
