<?xml version="1.0" encoding="UTF-8"?>
<!-- Generated by org.testng.reporters.JUnitReportReporter -->
<testsuite hostname="Solidus" failures="0" tests="1" name="com.automationtest.testng.NewCustomFieldDropDownTest" time="13.530" errors="0" timestamp="2023-04-11T14:41:57 ART" skipped="0">
  <testcase classname="com.automationtest.testng.NewCustomFieldDropDownTest" name="newCustomFieldDropDown" time="13.530"/>
  <system-out/>
</testsuite> <!-- com.automationtest.testng.NewCustomFieldDropDownTest -->
