<?xml version="1.0" encoding="UTF-8"?>
<!-- Generated by org.testng.reporters.JUnitReportReporter -->
<testsuite hostname="Solidus" failures="0" tests="1" name="com.automationtest.testng.LogoutTest" time="5.998" errors="0" timestamp="2023-05-02T18:29:58 ART" skipped="0">
  <testcase classname="com.automationtest.testng.LogoutTest" name="loginAndLogout" time="5.998"/>
  <system-out/>
</testsuite> <!-- com.automationtest.testng.LogoutTest -->
