<?xml version="1.0" encoding="UTF-8"?>
<!-- Generated by org.testng.reporters.JUnitReportReporter -->
<testsuite hostname="Solidus" failures="0" tests="2" name="com.automationtest.testng.EditAdminTest" time="23.026" errors="0" timestamp="2023-07-18T18:06:08 ART" skipped="0">
  <testcase classname="com.automationtest.testng.EditAdminTest" name="editAdmin" time="8.558"/>
  <system-out/>
  <testcase classname="com.automationtest.testng.EditAdminTest" name="editAdmin" time="14.468"/>
  <system-out/>
</testsuite> <!-- com.automationtest.testng.EditAdminTest -->
