<?xml version="1.0" encoding="UTF-8"?>
<!-- Generated by org.testng.reporters.JUnitReportReporter -->
<testsuite hostname="Solidus" failures="0" tests="1" name="com.automationtest.testng.NewCustomFieldTest" time="13.979" errors="0" timestamp="2023-03-27T18:12:17 ART" skipped="0">
  <testcase classname="com.automationtest.testng.NewCustomFieldTest" name="newCustomField" time="13.979"/>
  <system-out/>
</testsuite> <!-- com.automationtest.testng.NewCustomFieldTest -->
