<?xml version="1.0" encoding="UTF-8"?>
<!-- Generated by org.testng.reporters.JUnitReportReporter -->
<testsuite hostname="Solidus" failures="0" tests="1" name="com.automationtest.testng.EditEmployeeJobTest" time="6.676" errors="0" timestamp="2023-03-29T14:51:23 ART" skipped="0">
  <testcase classname="com.automationtest.testng.EditEmployeeJobTest" name="editEmployeeQualifications" time="6.676"/>
  <system-out/>
</testsuite> <!-- com.automationtest.testng.EditEmployeeJobTest -->
