<?xml version="1.0" encoding="UTF-8"?>
<!-- Generated by org.testng.reporters.JUnitReportReporter -->
<testsuite hostname="Solidus" failures="0" tests="1" name="com.automationtest.testng.DeleteEmployeeTest" time="9.041" errors="0" timestamp="2023-03-30T19:07:51 ART" skipped="0">
  <testcase classname="com.automationtest.testng.DeleteEmployeeTest" name="searchNotFound" time="9.041"/>
  <system-out/>
</testsuite> <!-- com.automationtest.testng.DeleteEmployeeTest -->
