<?xml version="1.0" encoding="UTF-8"?>
<!-- Generated by org.testng.reporters.JUnitReportReporter -->
<testsuite hostname="Solidus" failures="0" tests="1" name="com.automationtest.testng.EditEmployeeAllTest" time="28.706" errors="0" timestamp="2023-03-24T21:08:22 ART" skipped="0">
  <testcase classname="com.automationtest.testng.EditEmployeeAllTest" name="editEmployee" time="28.706"/>
  <system-out/>
</testsuite> <!-- com.automationtest.testng.EditEmployeeAllTest -->
