<?xml version="1.0" encoding="UTF-8"?>
<!-- Generated by org.testng.reporters.JUnitReportReporter -->
<testsuite hostname="Solidus" failures="0" tests="2" name="com.automationtest.testng.LoginWithTwoBrowsers" time="12.133" errors="0" timestamp="2023-03-24T20:05:58 ART" skipped="0">
  <testcase classname="com.automationtest.testng.LoginWithTwoBrowsers" name="login" time="6.800"/>
  <system-out/>
  <testcase classname="com.automationtest.testng.LoginWithTwoBrowsers" name="login" time="5.333"/>
  <system-out/>
</testsuite> <!-- com.automationtest.testng.LoginWithTwoBrowsers -->
