<?xml version="1.0" encoding="UTF-8"?>
<!-- Generated by org.testng.reporters.JUnitReportReporter -->
<testsuite hostname="Solidus" failures="0" tests="1" name="com.automationtest.testng.DeleteNewsfeedPostTest" time="9.598" errors="0" timestamp="2023-05-04T16:57:20 ART" skipped="0">
  <testcase classname="com.automationtest.testng.DeleteNewsfeedPostTest" name="deleteBuzzNewsfeedPost" time="9.598"/>
  <system-out/>
</testsuite> <!-- com.automationtest.testng.DeleteNewsfeedPostTest -->
