<?xml version="1.0" encoding="UTF-8"?>
<!-- Generated by org.testng.reporters.JUnitReportReporter -->
<testsuite hostname="Solidus" failures="0" tests="1" name="com.automationtest.testng.EditEmployeeQualificationsTest" time="7.661" errors="0" timestamp="2023-03-30T11:13:12 ART" skipped="0">
  <testcase classname="com.automationtest.testng.EditEmployeeQualificationsTest" name="editEmployeeQualifications" time="7.661"/>
  <system-out/>
</testsuite> <!-- com.automationtest.testng.EditEmployeeQualificationsTest -->
