<?xml version="1.0" encoding="UTF-8"?>
<!-- Generated by org.testng.reporters.JUnitReportReporter -->
<testsuite hostname="Solidus" failures="0" tests="1" name="com.automationtest.testng.NewEmployee2Test" time="11.718" errors="0" timestamp="2023-03-24T15:51:54 ART" skipped="0">
  <testcase classname="com.automationtest.testng.NewEmployee2Test" name="newEmployee" time="11.718"/>
  <system-out/>
</testsuite> <!-- com.automationtest.testng.NewEmployee2Test -->
