<?xml version="1.0" encoding="UTF-8"?>
<!-- Generated by org.testng.reporters.JUnitReportReporter -->
<testsuite hostname="Solidus" failures="0" tests="1" name="com.automationtest.appium.CalculatorTest" time="44.652" errors="0" timestamp="2023-08-29T20:22:12 ART" skipped="0">
  <testcase classname="com.automationtest.appium.CalculatorTest" name="testexample" time="44.652"/>
  <system-out/>
</testsuite> <!-- com.automationtest.appium.CalculatorTest -->
