<?xml version="1.0" encoding="UTF-8"?>
<!-- Generated by org.testng.reporters.JUnitReportReporter -->
<testsuite hostname="Solidus" failures="0" tests="1" name="com.automationtest.testng.BothBrowsersLoginTest" time="19.974" errors="0" timestamp="2023-03-13T19:44:07 ART" skipped="0">
  <testcase classname="com.automationtest.testng.BothBrowsersLoginTest" name="firefoxBrowser" time="19.974"/>
  <system-out/>
</testsuite> <!-- com.automationtest.testng.BothBrowsersLoginTest -->
