<?xml version="1.0" encoding="UTF-8"?>
<!-- Generated by org.testng.reporters.JUnitReportReporter -->
<testsuite hostname="Solidus" failures="0" tests="1" name="com.automationtest.testng.DeleteEmployeeTest" time="7.151" errors="0" timestamp="2023-03-27T19:51:00 ART" skipped="0">
  <testcase classname="com.automationtest.testng.DeleteEmployeeTest" name="searchNotFound" time="7.151"/>
  <system-out/>
</testsuite> <!-- com.automationtest.testng.DeleteEmployeeTest -->
