<?xml version="1.0" encoding="UTF-8"?>
<!-- Generated by org.testng.reporters.JUnitReportReporter -->
<testsuite hostname="Solidus" failures="0" tests="1" name="com.automationtest.testng.EmployeeSearchNotFoundTest" time="3.447" errors="0" timestamp="2023-03-25T21:03:06 ART" skipped="0">
  <testcase classname="com.automationtest.testng.EmployeeSearchNotFoundTest" name="searchNotFound" time="3.447"/>
  <system-out/>
</testsuite> <!-- com.automationtest.testng.EmployeeSearchNotFoundTest -->
