<?xml version="1.0" encoding="UTF-8"?>
<!-- Generated by org.testng.reporters.JUnitReportReporter -->
<testsuite hostname="Solidus" failures="0" tests="1" name="com.automationtest.testng.EditEmployeePersonalDetailsTest" time="5.589" errors="0" timestamp="2023-03-23T19:24:31 ART" skipped="0">
  <testcase classname="com.automationtest.testng.EditEmployeePersonalDetailsTest" name="editEmployeePersonalDetails" time="5.589"/>
  <system-out/>
</testsuite> <!-- com.automationtest.testng.EditEmployeePersonalDetailsTest -->
