<?xml version="1.0" encoding="UTF-8"?>
<!-- Generated by org.testng.reporters.JUnitReportReporter -->
<testsuite hostname="Solidus" failures="0" tests="1" name="com.automationtest.testng.NewCustomFieldTest" time="12.908" errors="0" timestamp="2023-03-25T22:12:42 ART" skipped="0">
  <testcase classname="com.automationtest.testng.NewCustomFieldTest" name="newCustomField" time="12.908"/>
  <system-out/>
</testsuite> <!-- com.automationtest.testng.NewCustomFieldTest -->
