<?xml version="1.0" encoding="UTF-8"?>
<!-- Generated by org.testng.reporters.JUnitReportReporter -->
<testsuite hostname="Solidus" failures="0" tests="1" name="com.automationtest.testng.DeleteCustomFieldTest" time="9.464" errors="0" timestamp="2023-04-11T16:25:31 ART" skipped="0">
  <testcase classname="com.automationtest.testng.DeleteCustomFieldTest" name="deleteCustomField" time="9.464"/>
  <system-out/>
</testsuite> <!-- com.automationtest.testng.DeleteCustomFieldTest -->
