<?xml version="1.0" encoding="UTF-8"?>
<!-- Generated by org.testng.reporters.JUnitReportReporter -->
<testsuite hostname="Solidus" failures="0" tests="1" name="com.automationtest.testng.EditEmployeeTest" time="27.687" errors="0" timestamp="2023-03-09T17:39:13 ART" skipped="0">
  <testcase classname="com.automationtest.testng.EditEmployeeTest" name="editEmployee" time="27.687"/>
  <system-out/>
</testsuite> <!-- com.automationtest.testng.EditEmployeeTest -->
