<?xml version="1.0" encoding="UTF-8"?>
<!-- Generated by org.testng.reporters.JUnitReportReporter -->
<testsuite hostname="Solidus" failures="0" tests="1" name="com.automationtest.testng.DeleteSkillTest" time="9.840" errors="0" timestamp="2023-07-17T18:19:13 ART" skipped="0">
  <testcase classname="com.automationtest.testng.DeleteSkillTest" name="deleteSkill" time="9.840"/>
  <system-out/>
</testsuite> <!-- com.automationtest.testng.DeleteSkillTest -->
