<?xml version="1.0" encoding="UTF-8"?>
<!-- Generated by org.testng.reporters.JUnitReportReporter -->
<testsuite hostname="Solidus" failures="0" tests="1" name="com.automationtest.restassured.RestassuredReturnListTest" time="3.782" errors="0" timestamp="2023-06-16T19:15:05 ART" skipped="0">
  <testcase classname="com.automationtest.restassured.RestassuredReturnListTest" name="test1" time="3.782"/>
  <system-out/>
</testsuite> <!-- com.automationtest.restassured.RestassuredReturnListTest -->
