<?xml version="1.0" encoding="UTF-8"?>
<!-- Generated by org.testng.reporters.JUnitReportReporter -->
<testsuite hostname="Solidus" failures="0" tests="1" name="com.automationtest.testng.NewEmployee2Test" time="13.782" errors="0" timestamp="2023-07-17T18:54:16 ART" skipped="0">
  <testcase classname="com.automationtest.testng.NewEmployee2Test" name="newEmployee2" time="13.782"/>
  <system-out/>
</testsuite> <!-- com.automationtest.testng.NewEmployee2Test -->
