<?xml version="1.0" encoding="UTF-8"?>
<!-- Generated by org.testng.reporters.JUnitReportReporter -->
<testsuite hostname="Solidus" failures="0" tests="1" name="com.automationtest.testng.LoginTestFirefox" time="4.241" errors="0" timestamp="2023-06-16T19:27:49 ART" skipped="0">
  <testcase classname="com.automationtest.testng.LoginTestFirefox" name="login" time="4.241"/>
  <system-out/>
</testsuite> <!-- com.automationtest.testng.LoginTestFirefox -->
