<?xml version="1.0" encoding="UTF-8"?>
<!-- Generated by org.testng.reporters.JUnitReportReporter -->
<testsuite hostname="Solidus" failures="0" tests="1" name="com.automationtest.testng.LogoutTest" time="13.221" errors="0" timestamp="2023-06-23T19:35:14 ART" skipped="0">
  <testcase classname="com.automationtest.testng.LogoutTest" name="loginAndLogout" time="13.221"/>
  <system-out/>
</testsuite> <!-- com.automationtest.testng.LogoutTest -->
