<?xml version="1.0" encoding="UTF-8"?>
<!-- Generated by org.testng.reporters.JUnitReportReporter -->
<testsuite hostname="Solidus" failures="0" tests="1" name="com.automationtest.testng.LoginChromeTest" time="7.329" errors="0" timestamp="2023-07-17T19:33:16 ART" skipped="0">
  <testcase classname="com.automationtest.testng.LoginChromeTest" name="login" time="7.329"/>
  <system-out/>
</testsuite> <!-- com.automationtest.testng.LoginChromeTest -->
