<?xml version="1.0" encoding="UTF-8"?>
<!-- Generated by org.testng.reporters.JUnitReportReporter -->
<testsuite hostname="Solidus" failures="0" tests="1" name="com.automationtest.testng.DeleteEmployee2FirefoxTest" time="10.023" errors="0" timestamp="2023-07-17T18:55:46 ART" skipped="0">
  <testcase classname="com.automationtest.testng.DeleteEmployee2FirefoxTest" name="deleteEmployee" time="10.023"/>
  <system-out/>
</testsuite> <!-- com.automationtest.testng.DeleteEmployee2FirefoxTest -->
