<?xml version="1.0" encoding="UTF-8"?>
<!-- Generated by org.testng.reporters.JUnitReportReporter -->
<testsuite hostname="Solidus" failures="0" tests="1" name="com.automationtest.testng.LoginFirefoxTest" time="5.482" errors="0" timestamp="2023-06-23T19:55:51 ART" skipped="0">
  <testcase classname="com.automationtest.testng.LoginFirefoxTest" name="login" time="5.482"/>
  <system-out/>
</testsuite> <!-- com.automationtest.testng.LoginFirefoxTest -->
