<?xml version="1.0" encoding="UTF-8"?>
<!-- Generated by org.testng.reporters.JUnitReportReporter -->
<testsuite hostname="Solidus" failures="0" tests="1" name="com.automationtest.restassured.RestassuredReturnOkTest" time="5.578" errors="0" timestamp="2023-06-16T19:14:39 ART" skipped="0">
  <testcase classname="com.automationtest.restassured.RestassuredReturnOkTest" name="getResponseStatus" time="5.578"/>
  <system-out/>
</testsuite> <!-- com.automationtest.restassured.RestassuredReturnOkTest -->
