<?xml version="1.0" encoding="UTF-8"?>
<!-- Generated by org.testng.reporters.JUnitReportReporter -->
<testsuite hostname="Solidus" failures="0" tests="1" name="com.automationtest.testng.LoginChromeTest" time="4.317" errors="0" timestamp="2023-06-23T19:55:51 ART" skipped="0">
  <testcase classname="com.automationtest.testng.LoginChromeTest" name="login" time="4.317"/>
  <system-out/>
</testsuite> <!-- com.automationtest.testng.LoginChromeTest -->
