<?xml version="1.0" encoding="UTF-8"?>
<!-- Generated by org.testng.reporters.JUnitReportReporter -->
<testsuite hostname="Solidus" failures="0" tests="2" name="com.automationtest.testng.EditAdminTest" time="22.610" errors="0" timestamp="2023-07-10T19:35:12 ART" skipped="0">
  <testcase classname="com.automationtest.testng.EditAdminTest" name="editAdmin" time="9.957"/>
  <system-out/>
  <testcase classname="com.automationtest.testng.EditAdminTest" name="editAdmin" time="12.653"/>
  <system-out/>
</testsuite> <!-- com.automationtest.testng.EditAdminTest -->
