<?xml version="1.0" encoding="UTF-8"?>
<!-- Generated by org.testng.reporters.JUnitReportReporter -->
<testsuite hostname="Solidus" failures="0" tests="2" name="com.automationtest.testng.LoginWithTwoBrowsers" time="10.528" errors="0" timestamp="2023-04-28T16:10:37 ART" skipped="0">
  <testcase classname="com.automationtest.testng.LoginWithTwoBrowsers" name="login" time="4.527"/>
  <system-out/>
  <testcase classname="com.automationtest.testng.LoginWithTwoBrowsers" name="login" time="6.001"/>
  <system-out/>
</testsuite> <!-- com.automationtest.testng.LoginWithTwoBrowsers -->
