<?xml version="1.0" encoding="UTF-8"?>
<!-- Generated by org.testng.reporters.JUnitReportReporter -->
<testsuite hostname="Solidus" failures="0" tests="1" name="com.automationtest.testng.NewEmployee2Test" time="19.168" errors="0" timestamp="2023-07-06T15:48:09 ART" skipped="0">
  <testcase classname="com.automationtest.testng.NewEmployee2Test" name="newEmployee2" time="19.168"/>
  <system-out/>
</testsuite> <!-- com.automationtest.testng.NewEmployee2Test -->
