<?xml version="1.0" encoding="UTF-8"?>
<!-- Generated by org.testng.reporters.JUnitReportReporter -->
<testsuite hostname="Solidus" failures="0" tests="4" name="com.automationtest.testng.EditAdminTest" time="40.683" errors="0" timestamp="2023-07-18T20:27:15 ART" skipped="0">
  <testcase classname="com.automationtest.testng.EditAdminTest" name="editAdmin" time="10.348"/>
  <system-out/>
  <testcase classname="com.automationtest.testng.EditAdminTest" name="editAdmin" time="9.803"/>
  <system-out/>
  <testcase classname="com.automationtest.testng.EditAdminTest" name="editAdmin" time="9.761"/>
  <system-out/>
  <testcase classname="com.automationtest.testng.EditAdminTest" name="editAdmin" time="10.771"/>
  <system-out/>
</testsuite> <!-- com.automationtest.testng.EditAdminTest -->
