<?xml version="1.0" encoding="UTF-8"?>
<!-- Generated by org.testng.reporters.JUnitReportReporter -->
<testsuite hostname="Solidus" failures="0" tests="1" name="com.automationtest.testng.LogoutTest" time="9.739" errors="0" timestamp="2023-08-16T09:58:12 ART" skipped="0">
  <testcase classname="com.automationtest.testng.LogoutTest" name="loginAndLogout" time="9.739"/>
  <system-out/>
</testsuite> <!-- com.automationtest.testng.LogoutTest -->
