<?xml version="1.0" encoding="UTF-8"?>
<!-- Generated by org.testng.reporters.JUnitReportReporter -->
<testsuite hostname="Solidus" failures="0" tests="1" name="com.automationtest.testng.NewSkillTest" time="11.838" errors="0" timestamp="2023-06-05T18:26:47 ART" skipped="0">
  <testcase classname="com.automationtest.testng.NewSkillTest" name="newSkill" time="11.838"/>
  <system-out/>
</testsuite> <!-- com.automationtest.testng.NewSkillTest -->
