<?xml version="1.0" encoding="UTF-8"?>
<!-- Generated by org.testng.reporters.JUnitReportReporter -->
<testsuite hostname="Solidus" failures="0" tests="1" name="com.automationtest.testng.NewSkillTest" time="12.153" errors="0" timestamp="2023-05-04T16:54:03 ART" skipped="0">
  <testcase classname="com.automationtest.testng.NewSkillTest" name="newSkill" time="12.153"/>
  <system-out/>
</testsuite> <!-- com.automationtest.testng.NewSkillTest -->
