<?xml version="1.0" encoding="UTF-8"?>
<!-- Generated by org.testng.reporters.JUnitReportReporter -->
<testsuite hostname="Solidus" failures="0" tests="1" name="com.automationtest.appium.CalculatorTest" time="45.651" errors="0" timestamp="2023-08-30T15:24:17 ART" skipped="0">
  <testcase classname="com.automationtest.appium.CalculatorTest" name="testexample" time="45.651"/>
  <system-out/>
</testsuite> <!-- com.automationtest.appium.CalculatorTest -->
