<?xml version="1.0" encoding="UTF-8"?>
<!-- Generated by org.testng.reporters.JUnitReportReporter -->
<testsuite hostname="Solidus" failures="0" tests="1" name="com.automationtest.testng.LoginTestChrome" time="6.596" errors="0" timestamp="2023-06-16T19:27:49 ART" skipped="0">
  <testcase classname="com.automationtest.testng.LoginTestChrome" name="login" time="6.596"/>
  <system-out/>
</testsuite> <!-- com.automationtest.testng.LoginTestChrome -->
