<?xml version="1.0" encoding="UTF-8"?>
<!-- Generated by org.testng.reporters.JUnitReportReporter -->
<testsuite hostname="Solidus" failures="0" tests="1" name="com.automationtest.testng.NewCustomFieldDropDownTest" time="17.845" errors="0" timestamp="2023-07-17T18:15:58 ART" skipped="0">
  <testcase classname="com.automationtest.testng.NewCustomFieldDropDownTest" name="newCustomFieldDropDown" time="17.845"/>
  <system-out/>
</testsuite> <!-- com.automationtest.testng.NewCustomFieldDropDownTest -->
