<?xml version="1.0" encoding="UTF-8"?>
<!-- Generated by org.testng.reporters.JUnitReportReporter -->
<testsuite hostname="Solidus" failures="0" tests="1" name="com.automationtest.restassured.RestassuredTest2" time="4.554" errors="0" timestamp="2023-06-14T17:10:15 ART" skipped="0">
  <testcase classname="com.automationtest.restassured.RestassuredTest2" name="test1" time="4.554"/>
  <system-out/>
</testsuite> <!-- com.automationtest.restassured.RestassuredTest2 -->
