<?xml version="1.0" encoding="UTF-8"?>
<!-- Generated by org.testng.reporters.JUnitReportReporter -->
<testsuite hostname="Solidus" failures="0" tests="1" name="com.automationtest.testng.LoginFirefoxTest" time="8.033" errors="0" timestamp="2023-07-17T19:33:16 ART" skipped="0">
  <testcase classname="com.automationtest.testng.LoginFirefoxTest" name="login" time="8.033"/>
  <system-out/>
</testsuite> <!-- com.automationtest.testng.LoginFirefoxTest -->
