<?xml version="1.0" encoding="UTF-8"?>
<!-- Generated by org.testng.reporters.JUnitReportReporter -->
<testsuite hostname="Solidus" failures="0" tests="1" name="com.automationtest.testng.NewTerminationReasonTest" time="12.430" errors="0" timestamp="2023-05-04T16:54:03 ART" skipped="0">
  <testcase classname="com.automationtest.testng.NewTerminationReasonTest" name="newTerminationReason" time="12.430"/>
  <system-out/>
</testsuite> <!-- com.automationtest.testng.NewTerminationReasonTest -->
