<?xml version="1.0" encoding="UTF-8"?>
<!-- Generated by org.testng.reporters.JUnitReportReporter -->
<testsuite hostname="Solidus" failures="0" tests="1" name="com.automationtest.testng.DeleteEmployeeTest" time="10.724" errors="0" timestamp="2023-07-06T16:48:42 ART" skipped="0">
  <testcase classname="com.automationtest.testng.DeleteEmployeeTest" name="deleteEmployee" time="10.724"/>
  <system-out/>
</testsuite> <!-- com.automationtest.testng.DeleteEmployeeTest -->
