<?xml version="1.0" encoding="UTF-8"?>
<!-- Generated by org.testng.reporters.JUnitReportReporter -->
<testsuite hostname="Solidus" failures="0" tests="2" name="com.automationtest.testng.LoginWithTwoBrowsers" time="9.185" errors="0" timestamp="2023-05-02T19:14:05 ART" skipped="0">
  <testcase classname="com.automationtest.testng.LoginWithTwoBrowsers" name="login" time="4.474"/>
  <system-out/>
  <testcase classname="com.automationtest.testng.LoginWithTwoBrowsers" name="login" time="4.711"/>
  <system-out/>
</testsuite> <!-- com.automationtest.testng.LoginWithTwoBrowsers -->
