<?xml version="1.0" encoding="UTF-8"?>
<!-- Generated by org.testng.reporters.JUnitReportReporter -->
<testsuite hostname="Solidus" failures="0" tests="1" name="com.automationtest.testng.LoginTestFirefox" time="4.452" errors="0" timestamp="2023-06-05T18:39:35 ART" skipped="0">
  <testcase classname="com.automationtest.testng.LoginTestFirefox" name="login" time="4.452"/>
  <system-out/>
</testsuite> <!-- com.automationtest.testng.LoginTestFirefox -->
